<?xml version="1.0" encoding="UTF-8"?>
<testsuite name="SumOfMultiplesTest" tests="16" skipped="0" failures="0" errors="0" timestamp="2020-06-12T13:58:49" hostname="MELIS-PC" time="0.629">
  <properties/>
  <testcase name="much larger factors" classname="SumOfMultiplesTest" time="0.327"/>
  <testcase name="much larger limit" classname="SumOfMultiplesTest" time="0.024"/>
  <testcase name="factors not relatively prime" classname="SumOfMultiplesTest" time="0.001"/>
  <testcase name="all numbers are multiples of 1" classname="SumOfMultiplesTest" time="0.001"/>
  <testcase name="no factors means an empty sum" classname="SumOfMultiplesTest" time="0.002"/>
  <testcase name="each multiple is only counted once" classname="SumOfMultiplesTest" time="0.011"/>
  <testcase name="one factor is a multiple of another" classname="SumOfMultiplesTest" time="0.001"/>
  <testcase name="the factor 0 does not affect the sum of multiples of other factors" classname="SumOfMultiplesTest" time="0.001"/>
  <testcase name="three factors" classname="SumOfMultiplesTest" time="0.0"/>
  <testcase name="no multiples within limit" classname="SumOfMultiplesTest" time="0.0"/>
  <testcase name="some pairs of factors relatively prime and some not" classname="SumOfMultiplesTest" time="0.005"/>
  <testcase name="include-exclude-based solutions must extend to cardinality greater than 3" classname="SumOfMultiplesTest" time="0.252"/>
  <testcase name="one factor has multiples within limit" classname="SumOfMultiplesTest" time="0.0"/>
  <testcase name="more than one multiple within limit" classname="SumOfMultiplesTest" time="0.0"/>
  <testcase name="more than one factor with multiples within limit" classname="SumOfMultiplesTest" time="0.0"/>
  <testcase name="the only multiple of 0 is 0" classname="SumOfMultiplesTest" time="0.0"/>
  <system-out><![CDATA[j1
0
j1
0
j2
0
j2
0
j3
0
j3
0
j4
0
j4
0
j5
0
j5
0
j6
0
j6
0
j7
0
j7
0
j8
0
j8
0
j9
0
j9
0
j10
0
j10
0
j11
0
j11
0
j12
0
j12
0
j13
0
j13
0
j14
0
j14
0
j15
0
j15
0
j16
0
j16
0
j17
0
j17
0
j18
0
j18
0
j19
0
j19
0
j20
0
j20
0
j21
0
j21
0
j22
0
j22
0
j23
0
j23
0
j24
0
j24
0
j25
0
j25
0
j26
0
j26
0
j27
0
j27
0
j28
0
j28
0
j29
0
j29
0
j30
0
j30
0
j31
0
j31
0
j32
0
j32
0
j33
0
j33
0
j34
0
j34
0
j35
0
j35
0
j36
0
j36
0
j37
0
j37
0
j38
0
j38
0
j39
0
j39
0
j40
0
j40
0
j41
0
j41
0
j42
0
j42
0
j43
43
j43
43
j44
43
j44
43
j45
43
j45
43
j46
43
j46
43
j47
43
j47
90
j48
90
j48
90
j49
90
j49
90
j50
90
j50
90
j51
90
j51
90
j52
90
j52
90
j53
90
j53
90
j54
90
j54
90
j55
90
j55
90
j56
90
j56
90
j57
90
j57
90
j58
90
j58
90
j59
90
j59
90
j60
90
j60
90
j61
90
j61
90
j62
90
j62
90
j63
90
j63
90
j64
90
j64
90
j65
90
j65
90
j66
90
j66
90
j67
90
j67
90
j68
90
j68
90
j69
90
j69
90
j70
90
j70
90
j71
90
j71
90
j72
90
j72
90
j73
90
j73
90
j74
90
j74
90
j75
90
j75
90
j76
90
j76
90
j77
90
j77
90
j78
90
j78
90
j79
90
j79
90
j80
90
j80
90
j81
90
j81
90
j82
90
j82
90
j83
90
j83
90
j84
90
j84
90
j85
90
j85
90
j86
176
j86
176
j87
176
j87
176
j88
176
j88
176
j89
176
j89
176
j90
176
j90
176
j91
176
j91
176
j92
176
j92
176
j93
176
j93
176
j94
176
j94
270
j95
270
j95
270
j96
270
j96
270
j97
270
j97
270
j98
270
j98
270
j99
270
j99
270
j100
270
j100
270
j101
270
j101
270
j102
270
j102
270
j103
270
j103
270
j104
270
j104
270
j105
270
j105
270
j106
270
j106
270
j107
270
j107
270
j108
270
j108
270
j109
270
j109
270
j110
270
j110
270
j111
270
j111
270
j112
270
j112
270
j113
270
j113
270
j114
270
j114
270
j115
270
j115
270
j116
270
j116
270
j117
270
j117
270
j118
270
j118
270
j119
270
j119
270
j120
270
j120
270
j121
270
j121
270
j122
270
j122
270
j123
270
j123
270
j124
270
j124
270
j125
270
j125
270
j126
270
j126
270
j127
270
j127
270
j128
270
j128
270
j129
399
j129
399
j130
399
j130
399
j131
399
j131
399
j132
399
j132
399
j133
399
j133
399
j134
399
j134
399
j135
399
j135
399
j136
399
j136
399
j137
399
j137
399
j138
399
j138
399
j139
399
j139
399
j140
399
j140
399
j141
399
j141
540
j142
540
j142
540
j143
540
j143
540
j144
540
j144
540
j145
540
j145
540
j146
540
j146
540
j147
540
j147
540
j148
540
j148
540
j149
540
j149
540
j150
540
j150
540
j151
540
j151
540
j152
540
j152
540
j153
540
j153
540
j154
540
j154
540
j155
540
j155
540
j156
540
j156
540
j157
540
j157
540
j158
540
j158
540
j159
540
j159
540
j160
540
j160
540
j161
540
j161
540
j162
540
j162
540
j163
540
j163
540
j164
540
j164
540
j165
540
j165
540
j166
540
j166
540
j167
540
j167
540
j168
540
j168
540
j169
540
j169
540
j170
540
j170
540
j171
540
j171
540
j172
712
j172
712
j173
712
j173
712
j174
712
j174
712
j175
712
j175
712
j176
712
j176
712
j177
712
j177
712
j178
712
j178
712
j179
712
j179
712
j180
712
j180
712
j181
712
j181
712
j182
712
j182
712
j183
712
j183
712
j184
712
j184
712
j185
712
j185
712
j186
712
j186
712
j187
712
j187
712
j188
712
j188
900
j189
900
j189
900
j190
900
j190
900
j191
900
j191
900
j192
900
j192
900
j193
900
j193
900
j194
900
j194
900
j195
900
j195
900
j196
900
j196
900
j197
900
j197
900
j198
900
j198
900
j199
900
j199
900
j200
900
j200
900
j201
900
j201
900
j202
900
j202
900
j203
900
j203
900
j204
900
j204
900
j205
900
j205
900
j206
900
j206
900
j207
900
j207
900
j208
900
j208
900
j209
900
j209
900
j210
900
j210
900
j211
900
j211
900
j212
900
j212
900
j213
900
j213
900
j214
900
j214
900
j215
1115
j215
1115
j216
1115
j216
1115
j217
1115
j217
1115
j218
1115
j218
1115
j219
1115
j219
1115
j220
1115
j220
1115
j221
1115
j221
1115
j222
1115
j222
1115
j223
1115
j223
1115
j224
1115
j224
1115
j225
1115
j225
1115
j226
1115
j226
1115
j227
1115
j227
1115
j228
1115
j228
1115
j229
1115
j229
1115
j230
1115
j230
1115
j231
1115
j231
1115
j232
1115
j232
1115
j233
1115
j233
1115
j234
1115
j234
1115
j235
1115
j235
1350
j236
1350
j236
1350
j237
1350
j237
1350
j238
1350
j238
1350
j239
1350
j239
1350
j240
1350
j240
1350
j241
1350
j241
1350
j242
1350
j242
1350
j243
1350
j243
1350
j244
1350
j244
1350
j245
1350
j245
1350
j246
1350
j246
1350
j247
1350
j247
1350
j248
1350
j248
1350
j249
1350
j249
1350
j250
1350
j250
1350
j251
1350
j251
1350
j252
1350
j252
1350
j253
1350
j253
1350
j254
1350
j254
1350
j255
1350
j255
1350
j256
1350
j256
1350
j257
1350
j257
1350
j258
1608
j258
1608
j259
1608
j259
1608
j260
1608
j260
1608
j261
1608
j261
1608
j262
1608
j262
1608
j263
1608
j263
1608
j264
1608
j264
1608
j265
1608
j265
1608
j266
1608
j266
1608
j267
1608
j267
1608
j268
1608
j268
1608
j269
1608
j269
1608
j270
1608
j270
1608
j271
1608
j271
1608
j272
1608
j272
1608
j273
1608
j273
1608
j274
1608
j274
1608
j275
1608
j275
1608
j276
1608
j276
1608
j277
1608
j277
1608
j278
1608
j278
1608
j279
1608
j279
1608
j280
1608
j280
1608
j281
1608
j281
1608
j282
1608
j282
1890
j283
1890
j283
1890
j284
1890
j284
1890
j285
1890
j285
1890
j286
1890
j286
1890
j287
1890
j287
1890
j288
1890
j288
1890
j289
1890
j289
1890
j290
1890
j290
1890
j291
1890
j291
1890
j292
1890
j292
1890
j293
1890
j293
1890
j294
1890
j294
1890
j295
1890
j295
1890
j296
1890
j296
1890
j297
1890
j297
1890
j298
1890
j298
1890
j299
1890
j299
1890
j300
1890
j300
1890
j301
2191
j301
2191
j302
2191
j302
2191
j303
2191
j303
2191
j304
2191
j304
2191
j305
2191
j305
2191
j306
2191
j306
2191
j307
2191
j307
2191
j308
2191
j308
2191
j309
2191
j309
2191
j310
2191
j310
2191
j311
2191
j311
2191
j312
2191
j312
2191
j313
2191
j313
2191
j314
2191
j314
2191
j315
2191
j315
2191
j316
2191
j316
2191
j317
2191
j317
2191
j318
2191
j318
2191
j319
2191
j319
2191
j320
2191
j320
2191
j321
2191
j321
2191
j322
2191
j322
2191
j323
2191
j323
2191
j324
2191
j324
2191
j325
2191
j325
2191
j326
2191
j326
2191
j327
2191
j327
2191
j328
2191
j328
2191
j329
2191
j329
2520
j330
2520
j330
2520
j331
2520
j331
2520
j332
2520
j332
2520
j333
2520
j333
2520
j334
2520
j334
2520
j335
2520
j335
2520
j336
2520
j336
2520
j337
2520
j337
2520
j338
2520
j338
2520
j339
2520
j339
2520
j340
2520
j340
2520
j341
2520
j341
2520
j342
2520
j342
2520
j343
2520
j343
2520
j344
2864
j344
2864
j345
2864
j345
2864
j346
2864
j346
2864
j347
2864
j347
2864
j348
2864
j348
2864
j349
2864
j349
2864
j350
2864
j350
2864
j351
2864
j351
2864
j352
2864
j352
2864
j353
2864
j353
2864
j354
2864
j354
2864
j355
2864
j355
2864
j356
2864
j356
2864
j357
2864
j357
2864
j358
2864
j358
2864
j359
2864
j359
2864
j360
2864
j360
2864
j361
2864
j361
2864
j362
2864
j362
2864
j363
2864
j363
2864
j364
2864
j364
2864
j365
2864
j365
2864
j366
2864
j366
2864
j367
2864
j367
2864
j368
2864
j368
2864
j369
2864
j369
2864
j370
2864
j370
2864
j371
2864
j371
2864
j372
2864
j372
2864
j373
2864
j373
2864
j374
2864
j374
2864
j375
2864
j375
2864
j376
2864
j376
3240
j377
3240
j377
3240
j378
3240
j378
3240
j379
3240
j379
3240
j380
3240
j380
3240
j381
3240
j381
3240
j382
3240
j382
3240
j383
3240
j383
3240
j384
3240
j384
3240
j385
3240
j385
3240
j386
3240
j386
3240
j387
3627
j387
3627
j388
3627
j388
3627
j389
3627
j389
3627
j390
3627
j390
3627
j391
3627
j391
3627
j392
3627
j392
3627
j393
3627
j393
3627
j394
3627
j394
3627
j395
3627
j395
3627
j396
3627
j396
3627
j397
3627
j397
3627
j398
3627
j398
3627
j399
3627
j399
3627
j400
3627
j400
3627
j401
3627
j401
3627
j402
3627
j402
3627
j403
3627
j403
3627
j404
3627
j404
3627
j405
3627
j405
3627
j406
3627
j406
3627
j407
3627
j407
3627
j408
3627
j408
3627
j409
3627
j409
3627
j410
3627
j410
3627
j411
3627
j411
3627
j412
3627
j412
3627
j413
3627
j413
3627
j414
3627
j414
3627
j415
3627
j415
3627
j416
3627
j416
3627
j417
3627
j417
3627
j418
3627
j418
3627
j419
3627
j419
3627
j420
3627
j420
3627
j421
3627
j421
3627
j422
3627
j422
3627
j423
3627
j423
4050
j424
4050
j424
4050
j425
4050
j425
4050
j426
4050
j426
4050
j427
4050
j427
4050
j428
4050
j428
4050
j429
4050
j429
4050
j430
4480
j430
4480
j431
4480
j431
4480
j432
4480
j432
4480
j433
4480
j433
4480
j434
4480
j434
4480
j435
4480
j435
4480
j436
4480
j436
4480
j437
4480
j437
4480
j438
4480
j438
4480
j439
4480
j439
4480
j440
4480
j440
4480
j441
4480
j441
4480
j442
4480
j442
4480
j443
4480
j443
4480
j444
4480
j444
4480
j445
4480
j445
4480
j446
4480
j446
4480
j447
4480
j447
4480
j448
4480
j448
4480
j449
4480
j449
4480
j450
4480
j450
4480
j451
4480
j451
4480
j452
4480
j452
4480
j453
4480
j453
4480
j454
4480
j454
4480
j455
4480
j455
4480
j456
4480
j456
4480
j457
4480
j457
4480
j458
4480
j458
4480
j459
4480
j459
4480
j460
4480
j460
4480
j461
4480
j461
4480
j462
4480
j462
4480
j463
4480
j463
4480
j464
4480
j464
4480
j465
4480
j465
4480
j466
4480
j466
4480
j467
4480
j467
4480
j468
4480
j468
4480
j469
4480
j469
4480
j470
4480
j470
4950
j471
4950
j471
4950
j472
4950
j472
4950
j473
5423
j473
5423
j474
5423
j474
5423
j475
5423
j475
5423
j476
5423
j476
5423
j477
5423
j477
5423
j478
5423
j478
5423
j479
5423
j479
5423
j480
5423
j480
5423
j481
5423
j481
5423
j482
5423
j482
5423
j483
5423
j483
5423
j484
5423
j484
5423
j485
5423
j485
5423
j486
5423
j486
5423
j487
5423
j487
5423
j488
5423
j488
5423
j489
5423
j489
5423
j490
5423
j490
5423
j491
5423
j491
5423
j492
5423
j492
5423
j493
5423
j493
5423
j494
5423
j494
5423
j495
5423
j495
5423
j496
5423
j496
5423
j497
5423
j497
5423
j498
5423
j498
5423
j499
5423
j499
5423
j500
5423
j500
5423
j501
5423
j501
5423
j502
5423
j502
5423
j503
5423
j503
5423
j504
5423
j504
5423
j505
5423
j505
5423
j506
5423
j506
5423
j507
5423
j507
5423
j508
5423
j508
5423
j509
5423
j509
5423
j510
5423
j510
5423
j511
5423
j511
5423
j512
5423
j512
5423
j513
5423
j513
5423
j514
5423
j514
5423
j515
5423
j515
5423
j516
5939
j516
5939
j517
5939
j517
6456
j518
6456
j518
6456
j519
6456
j519
6456
j520
6456
j520
6456
j521
6456
j521
6456
j522
6456
j522
6456
j523
6456
j523
6456
j524
6456
j524
6456
j525
6456
j525
6456
j526
6456
j526
6456
j527
6456
j527
6456
j528
6456
j528
6456
j529
6456
j529
6456
j530
6456
j530
6456
j531
6456
j531
6456
j532
6456
j532
6456
j533
6456
j533
6456
j534
6456
j534
6456
j535
6456
j535
6456
j536
6456
j536
6456
j537
6456
j537
6456
j538
6456
j538
6456
j539
6456
j539
6456
j540
6456
j540
6456
j541
6456
j541
6456
j542
6456
j542
6456
j543
6456
j543
6456
j544
6456
j544
6456
j545
6456
j545
6456
j546
6456
j546
6456
j547
6456
j547
6456
j548
6456
j548
6456
j549
6456
j549
6456
j550
6456
j550
6456
j551
6456
j551
6456
j552
6456
j552
6456
j553
6456
j553
6456
j554
6456
j554
6456
j555
6456
j555
6456
j556
6456
j556
6456
j557
6456
j557
6456
j558
6456
j558
6456
j559
7015
j559
7015
j560
7015
j560
7015
j561
7015
j561
7015
j562
7015
j562
7015
j563
7015
j563
7015
j564
7015
j564
7579
j565
7579
j565
7579
j566
7579
j566
7579
j567
7579
j567
7579
j568
7579
j568
7579
j569
7579
j569
7579
j570
7579
j570
7579
j571
7579
j571
7579
j572
7579
j572
7579
j573
7579
j573
7579
j574
7579
j574
7579
j575
7579
j575
7579
j576
7579
j576
7579
j577
7579
j577
7579
j578
7579
j578
7579
j579
7579
j579
7579
j580
7579
j580
7579
j581
7579
j581
7579
j582
7579
j582
7579
j583
7579
j583
7579
j584
7579
j584
7579
j585
7579
j585
7579
j586
7579
j586
7579
j587
7579
j587
7579
j588
7579
j588
7579
j589
7579
j589
7579
j590
7579
j590
7579
j591
7579
j591
7579
j592
7579
j592
7579
j593
7579
j593
7579
j594
7579
j594
7579
j595
7579
j595
7579
j596
7579
j596
7579
j597
7579
j597
7579
j598
7579
j598
7579
j599
7579
j599
7579
j600
7579
j600
7579
j601
7579
j601
7579
j602
8181
j602
8181
j603
8181
j603
8181
j604
8181
j604
8181
j605
8181
j605
8181
j606
8181
j606
8181
j607
8181
j607
8181
j608
8181
j608
8181
j609
8181
j609
8181
j610
8181
j610
8181
j611
8181
j611
8792
j612
8792
j612
8792
j613
8792
j613
8792
j614
8792
j614
8792
j615
8792
j615
8792
j616
8792
j616
8792
j617
8792
j617
8792
j618
8792
j618
8792
j619
8792
j619
8792
j620
8792
j620
8792
j621
8792
j621
8792
j622
8792
j622
8792
j623
8792
j623
8792
j624
8792
j624
8792
j625
8792
j625
8792
j626
8792
j626
8792
j627
8792
j627
8792
j628
8792
j628
8792
j629
8792
j629
8792
j630
8792
j630
8792
j631
8792
j631
8792
j632
8792
j632
8792
j633
8792
j633
8792
j634
8792
j634
8792
j635
8792
j635
8792
j636
8792
j636
8792
j637
8792
j637
8792
j638
8792
j638
8792
j639
8792
j639
8792
j640
8792
j640
8792
j641
8792
j641
8792
j642
8792
j642
8792
j643
8792
j643
8792
j644
8792
j644
8792
j645
9437
j645
9437
j646
9437
j646
9437
j647
9437
j647
9437
j648
9437
j648
9437
j649
9437
j649
9437
j650
9437
j650
9437
j651
9437
j651
9437
j652
9437
j652
9437
j653
9437
j653
9437
j654
9437
j654
9437
j655
9437
j655
9437
j656
9437
j656
9437
j657
9437
j657
9437
j658
9437
j658
10095
j659
10095
j659
10095
j660
10095
j660
10095
j661
10095
j661
10095
j662
10095
j662
10095
j663
10095
j663
10095
j664
10095
j664
10095
j665
10095
j665
10095
j666
10095
j666
10095
j667
10095
j667
10095
j668
10095
j668
10095
j669
10095
j669
10095
j670
10095
j670
10095
j671
10095
j671
10095
j672
10095
j672
10095
j673
10095
j673
10095
j674
10095
j674
10095
j675
10095
j675
10095
j676
10095
j676
10095
j677
10095
j677
10095
j678
10095
j678
10095
j679
10095
j679
10095
j680
10095
j680
10095
j681
10095
j681
10095
j682
10095
j682
10095
j683
10095
j683
10095
j684
10095
j684
10095
j685
10095
j685
10095
j686
10095
j686
10095
j687
10095
j687
10095
j688
10783
j688
10783
j689
10783
j689
10783
j690
10783
j690
10783
j691
10783
j691
10783
j692
10783
j692
10783
j693
10783
j693
10783
j694
10783
j694
10783
j695
10783
j695
10783
j696
10783
j696
10783
j697
10783
j697
10783
j698
10783
j698
10783
j699
10783
j699
10783
j700
10783
j700
10783
j701
10783
j701
10783
j702
10783
j702
10783
j703
10783
j703
10783
j704
10783
j704
10783
j705
10783
j705
11488
j706
11488
j706
11488
j707
11488
j707
11488
j708
11488
j708
11488
j709
11488
j709
11488
j710
11488
j710
11488
j711
11488
j711
11488
j712
11488
j712
11488
j713
11488
j713
11488
j714
11488
j714
11488
j715
11488
j715
11488
j716
11488
j716
11488
j717
11488
j717
11488
j718
11488
j718
11488
j719
11488
j719
11488
j720
11488
j720
11488
j721
11488
j721
11488
j722
11488
j722
11488
j723
11488
j723
11488
j724
11488
j724
11488
j725
11488
j725
11488
j726
11488
j726
11488
j727
11488
j727
11488
j728
11488
j728
11488
j729
11488
j729
11488
j730
11488
j730
11488
j731
12219
j731
12219
j732
12219
j732
12219
j733
12219
j733
12219
j734
12219
j734
12219
j735
12219
j735
12219
j736
12219
j736
12219
j737
12219
j737
12219
j738
12219
j738
12219
j739
12219
j739
12219
j740
12219
j740
12219
j741
12219
j741
12219
j742
12219
j742
12219
j743
12219
j743
12219
j744
12219
j744
12219
j745
12219
j745
12219
j746
12219
j746
12219
j747
12219
j747
12219
j748
12219
j748
12219
j749
12219
j749
12219
j750
12219
j750
12219
j751
12219
j751
12219
j752
12219
j752
12971
j753
12971
j753
12971
j754
12971
j754
12971
j755
12971
j755
12971
j756
12971
j756
12971
j757
12971
j757
12971
j758
12971
j758
12971
j759
12971
j759
12971
j760
12971
j760
12971
j761
12971
j761
12971
j762
12971
j762
12971
j763
12971
j763
12971
j764
12971
j764
12971
j765
12971
j765
12971
j766
12971
j766
12971
j767
12971
j767
12971
j768
12971
j768
12971
j769
12971
j769
12971
j770
12971
j770
12971
j771
12971
j771
12971
j772
12971
j772
12971
j773
12971
j773
12971
j774
13745
j774
13745
j775
13745
j775
13745
j776
13745
j776
13745
j777
13745
j777
13745
j778
13745
j778
13745
j779
13745
j779
13745
j780
13745
j780
13745
j781
13745
j781
13745
j782
13745
j782
13745
j783
13745
j783
13745
j784
13745
j784
13745
j785
13745
j785
13745
j786
13745
j786
13745
j787
13745
j787
13745
j788
13745
j788
13745
j789
13745
j789
13745
j790
13745
j790
13745
j791
13745
j791
13745
j792
13745
j792
13745
j793
13745
j793
13745
j794
13745
j794
13745
j795
13745
j795
13745
j796
13745
j796
13745
j797
13745
j797
13745
j798
13745
j798
13745
j799
13745
j799
14544
j800
14544
j800
14544
j801
14544
j801
14544
j802
14544
j802
14544
j803
14544
j803
14544
j804
14544
j804
14544
j805
14544
j805
14544
j806
14544
j806
14544
j807
14544
j807
14544
j808
14544
j808
14544
j809
14544
j809
14544
j810
14544
j810
14544
j811
14544
j811
14544
j812
14544
j812
14544
j813
14544
j813
14544
j814
14544
j814
14544
j815
14544
j815
14544
j816
14544
j816
14544
j817
15361
j817
15361
j818
15361
j818
15361
j819
15361
j819
15361
j820
15361
j820
15361
j821
15361
j821
15361
j822
15361
j822
15361
j823
15361
j823
15361
j824
15361
j824
15361
j825
15361
j825
15361
j826
15361
j826
15361
j827
15361
j827
15361
j828
15361
j828
15361
j829
15361
j829
15361
j830
15361
j830
15361
j831
15361
j831
15361
j832
15361
j832
15361
j833
15361
j833
15361
j834
15361
j834
15361
j835
15361
j835
15361
j836
15361
j836
15361
j837
15361
j837
15361
j838
15361
j838
15361
j839
15361
j839
15361
j840
15361
j840
15361
j841
15361
j841
15361
j842
15361
j842
15361
j843
15361
j843
15361
j844
15361
j844
15361
j845
15361
j845
15361
j846
15361
j846
16207
j847
16207
j847
16207
j848
16207
j848
16207
j849
16207
j849
16207
j850
16207
j850
16207
j851
16207
j851
16207
j852
16207
j852
16207
j853
16207
j853
16207
j854
16207
j854
16207
j855
16207
j855
16207
j856
16207
j856
16207
j857
16207
j857
16207
j858
16207
j858
16207
j859
16207
j859
16207
j860
17067
j860
17067
j861
17067
j861
17067
j862
17067
j862
17067
j863
17067
j863
17067
j864
17067
j864
17067
j865
17067
j865
17067
j866
17067
j866
17067
j867
17067
j867
17067
j868
17067
j868
17067
j869
17067
j869
17067
j870
17067
j870
17067
j871
17067
j871
17067
j872
17067
j872
17067
j873
17067
j873
17067
j874
17067
j874
17067
j875
17067
j875
17067
j876
17067
j876
17067
j877
17067
j877
17067
j878
17067
j878
17067
j879
17067
j879
17067
j880
17067
j880
17067
j881
17067
j881
17067
j882
17067
j882
17067
j883
17067
j883
17067
j884
17067
j884
17067
j885
17067
j885
17067
j886
17067
j886
17067
j887
17067
j887
17067
j888
17067
j888
17067
j889
17067
j889
17067
j890
17067
j890
17067
j891
17067
j891
17067
j892
17067
j892
17067
j893
17067
j893
17960
j894
17960
j894
17960
j895
17960
j895
17960
j896
17960
j896
17960
j897
17960
j897
17960
j898
17960
j898
17960
j899
17960
j899
17960
j900
17960
j900
17960
j901
17960
j901
17960
j902
17960
j902
17960
j903
18863
j903
18863
j904
18863
j904
18863
j905
18863
j905
18863
j906
18863
j906
18863
j907
18863
j907
18863
j908
18863
j908
18863
j909
18863
j909
18863
j910
18863
j910
18863
j911
18863
j911
18863
j912
18863
j912
18863
j913
18863
j913
18863
j914
18863
j914
18863
j915
18863
j915
18863
j916
18863
j916
18863
j917
18863
j917
18863
j918
18863
j918
18863
j919
18863
j919
18863
j920
18863
j920
18863
j921
18863
j921
18863
j922
18863
j922
18863
j923
18863
j923
18863
j924
18863
j924
18863
j925
18863
j925
18863
j926
18863
j926
18863
j927
18863
j927
18863
j928
18863
j928
18863
j929
18863
j929
18863
j930
18863
j930
18863
j931
18863
j931
18863
j932
18863
j932
18863
j933
18863
j933
18863
j934
18863
j934
18863
j935
18863
j935
18863
j936
18863
j936
18863
j937
18863
j937
18863
j938
18863
j938
18863
j939
18863
j939
18863
j940
18863
j940
19803
j941
19803
j941
19803
j942
19803
j942
19803
j943
19803
j943
19803
j944
19803
j944
19803
j945
19803
j945
19803
j946
20749
j946
20749
j947
20749
j947
20749
j948
20749
j948
20749
j949
20749
j949
20749
j950
20749
j950
20749
j951
20749
j951
20749
j952
20749
j952
20749
j953
20749
j953
20749
j954
20749
j954
20749
j955
20749
j955
20749
j956
20749
j956
20749
j957
20749
j957
20749
j958
20749
j958
20749
j959
20749
j959
20749
j960
20749
j960
20749
j961
20749
j961
20749
j962
20749
j962
20749
j963
20749
j963
20749
j964
20749
j964
20749
j965
20749
j965
20749
j966
20749
j966
20749
j967
20749
j967
20749
j968
20749
j968
20749
j969
20749
j969
20749
j970
20749
j970
20749
j971
20749
j971
20749
j972
20749
j972
20749
j973
20749
j973
20749
j974
20749
j974
20749
j975
20749
j975
20749
j976
20749
j976
20749
j977
20749
j977
20749
j978
20749
j978
20749
j979
20749
j979
20749
j980
20749
j980
20749
j981
20749
j981
20749
j982
20749
j982
20749
j983
20749
j983
20749
j984
20749
j984
20749
j985
20749
j985
20749
j986
20749
j986
20749
j987
20749
j987
21736
j988
21736
j988
21736
j989
22725
j989
22725
j990
22725
j990
22725
j991
22725
j991
22725
j992
22725
j992
22725
j993
22725
j993
22725
j994
22725
j994
22725
j995
22725
j995
22725
j996
22725
j996
22725
j997
22725
j997
22725
j998
22725
j998
22725
j999
22725
j999
22725
j1000
22725
j1000
22725
j1001
22725
j1001
22725
j1002
22725
j1002
22725
j1003
22725
j1003
22725
j1004
22725
j1004
22725
j1005
22725
j1005
22725
j1006
22725
j1006
22725
j1007
22725
j1007
22725
j1008
22725
j1008
22725
j1009
22725
j1009
22725
j1010
22725
j1010
22725
j1011
22725
j1011
22725
j1012
22725
j1012
22725
j1013
22725
j1013
22725
j1014
22725
j1014
22725
j1015
22725
j1015
22725
j1016
22725
j1016
22725
j1017
22725
j1017
22725
j1018
22725
j1018
22725
j1019
22725
j1019
22725
j1020
22725
j1020
22725
j1021
22725
j1021
22725
j1022
22725
j1022
22725
j1023
22725
j1023
22725
j1024
22725
j1024
22725
j1025
22725
j1025
22725
j1026
22725
j1026
22725
j1027
22725
j1027
22725
j1028
22725
j1028
22725
j1029
22725
j1029
22725
j1030
22725
j1030
22725
j1031
22725
j1031
22725
j1032
23757
j1032
23757
j1033
23757
j1033
23757
j1034
23757
j1034
24791
j1035
24791
j1035
24791
j1036
24791
j1036
24791
j1037
24791
j1037
24791
j1038
24791
j1038
24791
j1039
24791
j1039
24791
j1040
24791
j1040
24791
j1041
24791
j1041
24791
j1042
24791
j1042
24791
j1043
24791
j1043
24791
j1044
24791
j1044
24791
j1045
24791
j1045
24791
j1046
24791
j1046
24791
j1047
24791
j1047
24791
j1048
24791
j1048
24791
j1049
24791
j1049
24791
j1050
24791
j1050
24791
j1051
24791
j1051
24791
j1052
24791
j1052
24791
j1053
24791
j1053
24791
j1054
24791
j1054
24791
j1055
24791
j1055
24791
j1056
24791
j1056
24791
j1057
24791
j1057
24791
j1058
24791
j1058
24791
j1059
24791
j1059
24791
j1060
24791
j1060
24791
j1061
24791
j1061
24791
j1062
24791
j1062
24791
j1063
24791
j1063
24791
j1064
24791
j1064
24791
j1065
24791
j1065
24791
j1066
24791
j1066
24791
j1067
24791
j1067
24791
j1068
24791
j1068
24791
j1069
24791
j1069
24791
j1070
24791
j1070
24791
j1071
24791
j1071
24791
j1072
24791
j1072
24791
j1073
24791
j1073
24791
j1074
24791
j1074
24791
j1075
25866
j1075
25866
j1076
25866
j1076
25866
j1077
25866
j1077
25866
j1078
25866
j1078
25866
j1079
25866
j1079
25866
j1080
25866
j1080
25866
j1081
25866
j1081
26947
j1082
26947
j1082
26947
j1083
26947
j1083
26947
j1084
26947
j1084
26947
j1085
26947
j1085
26947
j1086
26947
j1086
26947
j1087
26947
j1087
26947
j1088
26947
j1088
26947
j1089
26947
j1089
26947
j1090
26947
j1090
26947
j1091
26947
j1091
26947
j1092
26947
j1092
26947
j1093
26947
j1093
26947
j1094
26947
j1094
26947
j1095
26947
j1095
26947
j1096
26947
j1096
26947
j1097
26947
j1097
26947
j1098
26947
j1098
26947
j1099
26947
j1099
26947
j1100
26947
j1100
26947
j1101
26947
j1101
26947
j1102
26947
j1102
26947
j1103
26947
j1103
26947
j1104
26947
j1104
26947
j1105
26947
j1105
26947
j1106
26947
j1106
26947
j1107
26947
j1107
26947
j1108
26947
j1108
26947
j1109
26947
j1109
26947
j1110
26947
j1110
26947
j1111
26947
j1111
26947
j1112
26947
j1112
26947
j1113
26947
j1113
26947
j1114
26947
j1114
26947
j1115
26947
j1115
26947
j1116
26947
j1116
26947
j1117
26947
j1117
26947
j1118
28065
j1118
28065
j1119
28065
j1119
28065
j1120
28065
j1120
28065
j1121
28065
j1121
28065
j1122
28065
j1122
28065
j1123
28065
j1123
28065
j1124
28065
j1124
28065
j1125
28065
j1125
28065
j1126
28065
j1126
28065
j1127
28065
j1127
28065
j1128
28065
j1128
29193
j1129
29193
j1129
29193
j1130
29193
j1130
29193
j1131
29193
j1131
29193
j1132
29193
j1132
29193
j1133
29193
j1133
29193
j1134
29193
j1134
29193
j1135
29193
j1135
29193
j1136
29193
j1136
29193
j1137
29193
j1137
29193
j1138
29193
j1138
29193
j1139
29193
j1139
29193
j1140
29193
j1140
29193
j1141
29193
j1141
29193
j1142
29193
j1142
29193
j1143
29193
j1143
29193
j1144
29193
j1144
29193
j1145
29193
j1145
29193
j1146
29193
j1146
29193
j1147
29193
j1147
29193
j1148
29193
j1148
29193
j1149
29193
j1149
29193
j1150
29193
j1150
29193
j1151
29193
j1151
29193
j1152
29193
j1152
29193
j1153
29193
j1153
29193
j1154
29193
j1154
29193
j1155
29193
j1155
29193
j1156
29193
j1156
29193
j1157
29193
j1157
29193
j1158
29193
j1158
29193
j1159
29193
j1159
29193
j1160
29193
j1160
29193
j1161
30354
j1161
30354
j1162
30354
j1162
30354
j1163
30354
j1163
30354
j1164
30354
j1164
30354
j1165
30354
j1165
30354
j1166
30354
j1166
30354
j1167
30354
j1167
30354
j1168
30354
j1168
30354
j1169
30354
j1169
30354
j1170
30354
j1170
30354
j1171
30354
j1171
30354
j1172
30354
j1172
30354
j1173
30354
j1173
30354
j1174
30354
j1174
30354
j1175
30354
j1175
31529
j1176
31529
j1176
31529
j1177
31529
j1177
31529
j1178
31529
j1178
31529
j1179
31529
j1179
31529
j1180
31529
j1180
31529
j1181
31529
j1181
31529
j1182
31529
j1182
31529
j1183
31529
j1183
31529
j1184
31529
j1184
31529
j1185
31529
j1185
31529
j1186
31529
j1186
31529
j1187
31529
j1187
31529
j1188
31529
j1188
31529
j1189
31529
j1189
31529
j1190
31529
j1190
31529
j1191
31529
j1191
31529
j1192
31529
j1192
31529
j1193
31529
j1193
31529
j1194
31529
j1194
31529
j1195
31529
j1195
31529
j1196
31529
j1196
31529
j1197
31529
j1197
31529
j1198
31529
j1198
31529
j1199
31529
j1199
31529
j1200
31529
j1200
31529
j1201
31529
j1201
31529
j1202
31529
j1202
31529
j1203
31529
j1203
31529
j1204
32733
j1204
32733
j1205
32733
j1205
32733
j1206
32733
j1206
32733
j1207
32733
j1207
32733
j1208
32733
j1208
32733
j1209
32733
j1209
32733
j1210
32733
j1210
32733
j1211
32733
j1211
32733
j1212
32733
j1212
32733
j1213
32733
j1213
32733
j1214
32733
j1214
32733
j1215
32733
j1215
32733
j1216
32733
j1216
32733
j1217
32733
j1217
32733
j1218
32733
j1218
32733
j1219
32733
j1219
32733
j1220
32733
j1220
32733
j1221
32733
j1221
32733
j1222
32733
j1222
33955
j1223
33955
j1223
33955
j1224
33955
j1224
33955
j1225
33955
j1225
33955
j1226
33955
j1226
33955
j1227
33955
j1227
33955
j1228
33955
j1228
33955
j1229
33955
j1229
33955
j1230
33955
j1230
33955
j1231
33955
j1231
33955
j1232
33955
j1232
33955
j1233
33955
j1233
33955
j1234
33955
j1234
33955
j1235
33955
j1235
33955
j1236
33955
j1236
33955
j1237
33955
j1237
33955
j1238
33955
j1238
33955
j1239
33955
j1239
33955
j1240
33955
j1240
33955
j1241
33955
j1241
33955
j1242
33955
j1242
33955
j1243
33955
j1243
33955
j1244
33955
j1244
33955
j1245
33955
j1245
33955
j1246
33955
j1246
33955
j1247
35202
j1247
35202
j1248
35202
j1248
35202
j1249
35202
j1249
35202
j1250
35202
j1250
35202
j1251
35202
j1251
35202
j1252
35202
j1252
35202
j1253
35202
j1253
35202
j1254
35202
j1254
35202
j1255
35202
j1255
35202
j1256
35202
j1256
35202
j1257
35202
j1257
35202
j1258
35202
j1258
35202
j1259
35202
j1259
35202
j1260
35202
j1260
35202
j1261
35202
j1261
35202
j1262
35202
j1262
35202
j1263
35202
j1263
35202
j1264
35202
j1264
35202
j1265
35202
j1265
35202
j1266
35202
j1266
35202
j1267
35202
j1267
35202
j1268
35202
j1268
35202
j1269
35202
j1269
36471
j1270
36471
j1270
36471
j1271
36471
j1271
36471
j1272
36471
j1272
36471
j1273
36471
j1273
36471
j1274
36471
j1274
36471
j1275
36471
j1275
36471
j1276
36471
j1276
36471
j1277
36471
j1277
36471
j1278
36471
j1278
36471
j1279
36471
j1279
36471
j1280
36471
j1280
36471
j1281
36471
j1281
36471
j1282
36471
j1282
36471
j1283
36471
j1283
36471
j1284
36471
j1284
36471
j1285
36471
j1285
36471
j1286
36471
j1286
36471
j1287
36471
j1287
36471
j1288
36471
j1288
36471
j1289
36471
j1289
36471
j1290
37761
j1290
37761
j1291
37761
j1291
37761
j1292
37761
j1292
37761
j1293
37761
j1293
37761
j1294
37761
j1294
37761
j1295
37761
j1295
37761
j1296
37761
j1296
37761
j1297
37761
j1297
37761
j1298
37761
j1298
37761
j1299
37761
j1299
37761
j1300
37761
j1300
37761
j1301
37761
j1301
37761
j1302
37761
j1302
37761
j1303
37761
j1303
37761
j1304
37761
j1304
37761
j1305
37761
j1305
37761
j1306
37761
j1306
37761
j1307
37761
j1307
37761
j1308
37761
j1308
37761
j1309
37761
j1309
37761
j1310
37761
j1310
37761
j1311
37761
j1311
37761
j1312
37761
j1312
37761
j1313
37761
j1313
37761
j1314
37761
j1314
37761
j1315
37761
j1315
37761
j1316
37761
j1316
39077
j1317
39077
j1317
39077
j1318
39077
j1318
39077
j1319
39077
j1319
39077
j1320
39077
j1320
39077
j1321
39077
j1321
39077
j1322
39077
j1322
39077
j1323
39077
j1323
39077
j1324
39077
j1324
39077
j1325
39077
j1325
39077
j1326
39077
j1326
39077
j1327
39077
j1327
39077
j1328
39077
j1328
39077
j1329
39077
j1329
39077
j1330
39077
j1330
39077
j1331
39077
j1331
39077
j1332
39077
j1332
39077
j1333
40410
j1333
40410
j1334
40410
j1334
40410
j1335
40410
j1335
40410
j1336
40410
j1336
40410
j1337
40410
j1337
40410
j1338
40410
j1338
40410
j1339
40410
j1339
40410
j1340
40410
j1340
40410
j1341
40410
j1341
40410
j1342
40410
j1342
40410
j1343
40410
j1343
40410
j1344
40410
j1344
40410
j1345
40410
j1345
40410
j1346
40410
j1346
40410
j1347
40410
j1347
40410
j1348
40410
j1348
40410
j1349
40410
j1349
40410
j1350
40410
j1350
40410
j1351
40410
j1351
40410
j1352
40410
j1352
40410
j1353
40410
j1353
40410
j1354
40410
j1354
40410
j1355
40410
j1355
40410
j1356
40410
j1356
40410
j1357
40410
j1357
40410
j1358
40410
j1358
40410
j1359
40410
j1359
40410
j1360
40410
j1360
40410
j1361
40410
j1361
40410
j1362
40410
j1362
40410
j1363
40410
j1363
41773
j1364
41773
j1364
41773
j1365
41773
j1365
41773
j1366
41773
j1366
41773
j1367
41773
j1367
41773
j1368
41773
j1368
41773
j1369
41773
j1369
41773
j1370
41773
j1370
41773
j1371
41773
j1371
41773
j1372
41773
j1372
41773
j1373
41773
j1373
41773
j1374
41773
j1374
41773
j1375
41773
j1375
41773
j1376
43149
j1376
43149
j1377
43149
j1377
43149
j1378
43149
j1378
43149
j1379
43149
j1379
43149
j1380
43149
j1380
43149
j1381
43149
j1381
43149
j1382
43149
j1382
43149
j1383
43149
j1383
43149
j1384
43149
j1384
43149
j1385
43149
j1385
43149
j1386
43149
j1386
43149
j1387
43149
j1387
43149
j1388
43149
j1388
43149
j1389
43149
j1389
43149
j1390
43149
j1390
43149
j1391
43149
j1391
43149
j1392
43149
j1392
43149
j1393
43149
j1393
43149
j1394
43149
j1394
43149
j1395
43149
j1395
43149
j1396
43149
j1396
43149
j1397
43149
j1397
43149
j1398
43149
j1398
43149
j1399
43149
j1399
43149
j1400
43149
j1400
43149
j1401
43149
j1401
43149
j1402
43149
j1402
43149
j1403
43149
j1403
43149
j1404
43149
j1404
43149
j1405
43149
j1405
43149
j1406
43149
j1406
43149
j1407
43149
j1407
43149
j1408
43149
j1408
43149
j1409
43149
j1409
43149
j1410
43149
j1410
44559
j1411
44559
j1411
44559
j1412
44559
j1412
44559
j1413
44559
j1413
44559
j1414
44559
j1414
44559
j1415
44559
j1415
44559
j1416
44559
j1416
44559
j1417
44559
j1417
44559
j1418
44559
j1418
44559
j1419
45978
j1419
45978
j1420
45978
j1420
45978
j1421
45978
j1421
45978
j1422
45978
j1422
45978
j1423
45978
j1423
45978
j1424
45978
j1424
45978
j1425
45978
j1425
45978
j1426
45978
j1426
45978
j1427
45978
j1427
45978
j1428
45978
j1428
45978
j1429
45978
j1429
45978
j1430
45978
j1430
45978
j1431
45978
j1431
45978
j1432
45978
j1432
45978
j1433
45978
j1433
45978
j1434
45978
j1434
45978
j1435
45978
j1435
45978
j1436
45978
j1436
45978
j1437
45978
j1437
45978
j1438
45978
j1438
45978
j1439
45978
j1439
45978
j1440
45978
j1440
45978
j1441
45978
j1441
45978
j1442
45978
j1442
45978
j1443
45978
j1443
45978
j1444
45978
j1444
45978
j1445
45978
j1445
45978
j1446
45978
j1446
45978
j1447
45978
j1447
45978
j1448
45978
j1448
45978
j1449
45978
j1449
45978
j1450
45978
j1450
45978
j1451
45978
j1451
45978
j1452
45978
j1452
45978
j1453
45978
j1453
45978
j1454
45978
j1454
45978
j1455
45978
j1455
45978
j1456
45978
j1456
45978
j1457
45978
j1457
47435
j1458
47435
j1458
47435
j1459
47435
j1459
47435
j1460
47435
j1460
47435
j1461
47435
j1461
47435
j1462
48897
j1462
48897
j1463
48897
j1463
48897
j1464
48897
j1464
48897
j1465
48897
j1465
48897
j1466
48897
j1466
48897
j1467
48897
j1467
48897
j1468
48897
j1468
48897
j1469
48897
j1469
48897
j1470
48897
j1470
48897
j1471
48897
j1471
48897
j1472
48897
j1472
48897
j1473
48897
j1473
48897
j1474
48897
j1474
48897
j1475
48897
j1475
48897
j1476
48897
j1476
48897
j1477
48897
j1477
48897
j1478
48897
j1478
48897
j1479
48897
j1479
48897
j1480
48897
j1480
48897
j1481
48897
j1481
48897
j1482
48897
j1482
48897
j1483
48897
j1483
48897
j1484
48897
j1484
48897
j1485
48897
j1485
48897
j1486
48897
j1486
48897
j1487
48897
j1487
48897
j1488
48897
j1488
48897
j1489
48897
j1489
48897
j1490
48897
j1490
48897
j1491
48897
j1491
48897
j1492
48897
j1492
48897
j1493
48897
j1493
48897
j1494
48897
j1494
48897
j1495
48897
j1495
48897
j1496
48897
j1496
48897
j1497
48897
j1497
48897
j1498
48897
j1498
48897
j1499
48897
j1499
48897
j1500
48897
j1500
48897
j1501
48897
j1501
48897
j1502
48897
j1502
48897
j1503
48897
j1503
48897
j1504
48897
j1504
50401
j1505
51906
j1505
51906
j1506
51906
j1506
51906
j1507
51906
j1507
51906
j1508
51906
j1508
51906
j1509
51906
j1509
51906
j1510
51906
j1510
51906
j1511
51906
j1511
51906
j1512
51906
j1512
51906
j1513
51906
j1513
51906
j1514
51906
j1514
51906
j1515
51906
j1515
51906
j1516
51906
j1516
51906
j1517
51906
j1517
51906
j1518
51906
j1518
51906
j1519
51906
j1519
51906
j1520
51906
j1520
51906
j1521
51906
j1521
51906
j1522
51906
j1522
51906
j1523
51906
j1523
51906
j1524
51906
j1524
51906
j1525
51906
j1525
51906
j1526
51906
j1526
51906
j1527
51906
j1527
51906
j1528
51906
j1528
51906
j1529
51906
j1529
51906
j1530
51906
j1530
51906
j1531
51906
j1531
51906
j1532
51906
j1532
51906
j1533
51906
j1533
51906
j1534
51906
j1534
51906
j1535
51906
j1535
51906
j1536
51906
j1536
51906
j1537
51906
j1537
51906
j1538
51906
j1538
51906
j1539
51906
j1539
51906
j1540
51906
j1540
51906
j1541
51906
j1541
51906
j1542
51906
j1542
51906
j1543
51906
j1543
51906
j1544
51906
j1544
51906
j1545
51906
j1545
51906
j1546
51906
j1546
51906
j1547
51906
j1547
51906
j1548
53454
j1548
53454
j1549
53454
j1549
53454
j1550
53454
j1550
53454
j1551
53454
j1551
55005
j1552
55005
j1552
55005
j1553
55005
j1553
55005
j1554
55005
j1554
55005
j1555
55005
j1555
55005
j1556
55005
j1556
55005
j1557
55005
j1557
55005
j1558
55005
j1558
55005
j1559
55005
j1559
55005
j1560
55005
j1560
55005
j1561
55005
j1561
55005
j1562
55005
j1562
55005
j1563
55005
j1563
55005
j1564
55005
j1564
55005
j1565
55005
j1565
55005
j1566
55005
j1566
55005
j1567
55005
j1567
55005
j1568
55005
j1568
55005
j1569
55005
j1569
55005
j1570
55005
j1570
55005
j1571
55005
j1571
55005
j1572
55005
j1572
55005
j1573
55005
j1573
55005
j1574
55005
j1574
55005
j1575
55005
j1575
55005
j1576
55005
j1576
55005
j1577
55005
j1577
55005
j1578
55005
j1578
55005
j1579
55005
j1579
55005
j1580
55005
j1580
55005
j1581
55005
j1581
55005
j1582
55005
j1582
55005
j1583
55005
j1583
55005
j1584
55005
j1584
55005
j1585
55005
j1585
55005
j1586
55005
j1586
55005
j1587
55005
j1587
55005
j1588
55005
j1588
55005
j1589
55005
j1589
55005
j1590
55005
j1590
55005
j1591
56596
j1591
56596
j1592
56596
j1592
56596
j1593
56596
j1593
56596
j1594
56596
j1594
56596
j1595
56596
j1595
56596
j1596
56596
j1596
56596
j1597
56596
j1597
56596
j1598
56596
j1598
58194
j1599
58194
j1599
58194
j1600
58194
j1600
58194
j1601
58194
j1601
58194
j1602
58194
j1602
58194
j1603
58194
j1603
58194
j1604
58194
j1604
58194
j1605
58194
j1605
58194
j1606
58194
j1606
58194
j1607
58194
j1607
58194
j1608
58194
j1608
58194
j1609
58194
j1609
58194
j1610
58194
j1610
58194
j1611
58194
j1611
58194
j1612
58194
j1612
58194
j1613
58194
j1613
58194
j1614
58194
j1614
58194
j1615
58194
j1615
58194
j1616
58194
j1616
58194
j1617
58194
j1617
58194
j1618
58194
j1618
58194
j1619
58194
j1619
58194
j1620
58194
j1620
58194
j1621
58194
j1621
58194
j1622
58194
j1622
58194
j1623
58194
j1623
58194
j1624
58194
j1624
58194
j1625
58194
j1625
58194
j1626
58194
j1626
58194
j1627
58194
j1627
58194
j1628
58194
j1628
58194
j1629
58194
j1629
58194
j1630
58194
j1630
58194
j1631
58194
j1631
58194
j1632
58194
j1632
58194
j1633
58194
j1633
58194
j1634
59828
j1634
59828
j1635
59828
j1635
59828
j1636
59828
j1636
59828
j1637
59828
j1637
59828
j1638
59828
j1638
59828
j1639
59828
j1639
59828
j1640
59828
j1640
59828
j1641
59828
j1641
59828
j1642
59828
j1642
59828
j1643
59828
j1643
59828
j1644
59828
j1644
59828
j1645
59828
j1645
61473
j1646
61473
j1646
61473
j1647
61473
j1647
61473
j1648
61473
j1648
61473
j1649
61473
j1649
61473
j1650
61473
j1650
61473
j1651
61473
j1651
61473
j1652
61473
j1652
61473
j1653
61473
j1653
61473
j1654
61473
j1654
61473
j1655
61473
j1655
61473
j1656
61473
j1656
61473
j1657
61473
j1657
61473
j1658
61473
j1658
61473
j1659
61473
j1659
61473
j1660
61473
j1660
61473
j1661
61473
j1661
61473
j1662
61473
j1662
61473
j1663
61473
j1663
61473
j1664
61473
j1664
61473
j1665
61473
j1665
61473
j1666
61473
j1666
61473
j1667
61473
j1667
61473
j1668
61473
j1668
61473
j1669
61473
j1669
61473
j1670
61473
j1670
61473
j1671
61473
j1671
61473
j1672
61473
j1672
61473
j1673
61473
j1673
61473
j1674
61473
j1674
61473
j1675
61473
j1675
61473
j1676
61473
j1676
61473
j1677
63150
j1677
63150
j1678
63150
j1678
63150
j1679
63150
j1679
63150
j1680
63150
j1680
63150
j1681
63150
j1681
63150
j1682
63150
j1682
63150
j1683
63150
j1683
63150
j1684
63150
j1684
63150
j1685
63150
j1685
63150
j1686
63150
j1686
63150
j1687
63150
j1687
63150
j1688
63150
j1688
63150
j1689
63150
j1689
63150
j1690
63150
j1690
63150
j1691
63150
j1691
63150
j1692
63150
j1692
64842
j1693
64842
j1693
64842
j1694
64842
j1694
64842
j1695
64842
j1695
64842
j1696
64842
j1696
64842
j1697
64842
j1697
64842
j1698
64842
j1698
64842
j1699
64842
j1699
64842
j1700
64842
j1700
64842
j1701
64842
j1701
64842
j1702
64842
j1702
64842
j1703
64842
j1703
64842
j1704
64842
j1704
64842
j1705
64842
j1705
64842
j1706
64842
j1706
64842
j1707
64842
j1707
64842
j1708
64842
j1708
64842
j1709
64842
j1709
64842
j1710
64842
j1710
64842
j1711
64842
j1711
64842
j1712
64842
j1712
64842
j1713
64842
j1713
64842
j1714
64842
j1714
64842
j1715
64842
j1715
64842
j1716
64842
j1716
64842
j1717
64842
j1717
64842
j1718
64842
j1718
64842
j1719
64842
j1719
64842
j1720
66562
j1720
66562
j1721
66562
j1721
66562
j1722
66562
j1722
66562
j1723
66562
j1723
66562
j1724
66562
j1724
66562
j1725
66562
j1725
66562
j1726
66562
j1726
66562
j1727
66562
j1727
66562
j1728
66562
j1728
66562
j1729
66562
j1729
66562
j1730
66562
j1730
66562
j1731
66562
j1731
66562
j1732
66562
j1732
66562
j1733
66562
j1733
66562
j1734
66562
j1734
66562
j1735
66562
j1735
66562
j1736
66562
j1736
66562
j1737
66562
j1737
66562
j1738
66562
j1738
66562
j1739
66562
j1739
68301
j1740
68301
j1740
68301
j1741
68301
j1741
68301
j1742
68301
j1742
68301
j1743
68301
j1743
68301
j1744
68301
j1744
68301
j1745
68301
j1745
68301
j1746
68301
j1746
68301
j1747
68301
j1747
68301
j1748
68301
j1748
68301
j1749
68301
j1749
68301
j1750
68301
j1750
68301
j1751
68301
j1751
68301
j1752
68301
j1752
68301
j1753
68301
j1753
68301
j1754
68301
j1754
68301
j1755
68301
j1755
68301
j1756
68301
j1756
68301
j1757
68301
j1757
68301
j1758
68301
j1758
68301
j1759
68301
j1759
68301
j1760
68301
j1760
68301
j1761
68301
j1761
68301
j1762
68301
j1762
68301
j1763
70064
j1763
70064
j1764
70064
j1764
70064
j1765
70064
j1765
70064
j1766
70064
j1766
70064
j1767
70064
j1767
70064
j1768
70064
j1768
70064
j1769
70064
j1769
70064
j1770
70064
j1770
70064
j1771
70064
j1771
70064
j1772
70064
j1772
70064
j1773
70064
j1773
70064
j1774
70064
j1774
70064
j1775
70064
j1775
70064
j1776
70064
j1776
70064
j1777
70064
j1777
70064
j1778
70064
j1778
70064
j1779
70064
j1779
70064
j1780
70064
j1780
70064
j1781
70064
j1781
70064
j1782
70064
j1782
70064
j1783
70064
j1783
70064
j1784
70064
j1784
70064
j1785
70064
j1785
70064
j1786
70064
j1786
71850
j1787
71850
j1787
71850
j1788
71850
j1788
71850
j1789
71850
j1789
71850
j1790
71850
j1790
71850
j1791
71850
j1791
71850
j1792
71850
j1792
71850
j1793
71850
j1793
71850
j1794
71850
j1794
71850
j1795
71850
j1795
71850
j1796
71850
j1796
71850
j1797
71850
j1797
71850
j1798
71850
j1798
71850
j1799
71850
j1799
71850
j1800
71850
j1800
71850
j1801
71850
j1801
71850
j1802
71850
j1802
71850
j1803
71850
j1803
71850
j1804
71850
j1804
71850
j1805
71850
j1805
71850
j1806
73656
j1806
73656
j1807
73656
j1807
73656
j1808
73656
j1808
73656
j1809
73656
j1809
73656
j1810
73656
j1810
73656
j1811
73656
j1811
73656
j1812
73656
j1812
73656
j1813
73656
j1813
73656
j1814
73656
j1814
73656
j1815
73656
j1815
73656
j1816
73656
j1816
73656
j1817
73656
j1817
73656
j1818
73656
j1818
73656
j1819
73656
j1819
73656
j1820
73656
j1820
73656
j1821
73656
j1821
73656
j1822
73656
j1822
73656
j1823
73656
j1823
73656
j1824
73656
j1824
73656
j1825
73656
j1825
73656
j1826
73656
j1826
73656
j1827
73656
j1827
73656
j1828
73656
j1828
73656
j1829
73656
j1829
73656
j1830
73656
j1830
73656
j1831
73656
j1831
73656
j1832
73656
j1832
73656
j1833
73656
j1833
75489
j1834
75489
j1834
75489
j1835
75489
j1835
75489
j1836
75489
j1836
75489
j1837
75489
j1837
75489
j1838
75489
j1838
75489
j1839
75489
j1839
75489
j1840
75489
j1840
75489
j1841
75489
j1841
75489
j1842
75489
j1842
75489
j1843
75489
j1843
75489
j1844
75489
j1844
75489
j1845
75489
j1845
75489
j1846
75489
j1846
75489
j1847
75489
j1847
75489
j1848
75489
j1848
75489
j1849
77338
j1849
77338
j1850
77338
j1850
77338
j1851
77338
j1851
77338
j1852
77338
j1852
77338
j1853
77338
j1853
77338
j1854
77338
j1854
77338
j1855
77338
j1855
77338
j1856
77338
j1856
77338
j1857
77338
j1857
77338
j1858
77338
j1858
77338
j1859
77338
j1859
77338
j1860
77338
j1860
77338
j1861
77338
j1861
77338
j1862
77338
j1862
77338
j1863
77338
j1863
77338
j1864
77338
j1864
77338
j1865
77338
j1865
77338
j1866
77338
j1866
77338
j1867
77338
j1867
77338
j1868
77338
j1868
77338
j1869
77338
j1869
77338
j1870
77338
j1870
77338
j1871
77338
j1871
77338
j1872
77338
j1872
77338
j1873
77338
j1873
77338
j1874
77338
j1874
77338
j1875
77338
j1875
77338
j1876
77338
j1876
77338
j1877
77338
j1877
77338
j1878
77338
j1878
77338
j1879
77338
j1879
77338
j1880
77338
j1880
79218
j1881
79218
j1881
79218
j1882
79218
j1882
79218
j1883
79218
j1883
79218
j1884
79218
j1884
79218
j1885
79218
j1885
79218
j1886
79218
j1886
79218
j1887
79218
j1887
79218
j1888
79218
j1888
79218
j1889
79218
j1889
79218
j1890
79218
j1890
79218
j1891
79218
j1891
79218
j1892
81110
j1892
81110
j1893
81110
j1893
81110
j1894
81110
j1894
81110
j1895
81110
j1895
81110
j1896
81110
j1896
81110
j1897
81110
j1897
81110
j1898
81110
j1898
81110
j1899
81110
j1899
81110
j1900
81110
j1900
81110
j1901
81110
j1901
81110
j1902
81110
j1902
81110
j1903
81110
j1903
81110
j1904
81110
j1904
81110
j1905
81110
j1905
81110
j1906
81110
j1906
81110
j1907
81110
j1907
81110
j1908
81110
j1908
81110
j1909
81110
j1909
81110
j1910
81110
j1910
81110
j1911
81110
j1911
81110
j1912
81110
j1912
81110
j1913
81110
j1913
81110
j1914
81110
j1914
81110
j1915
81110
j1915
81110
j1916
81110
j1916
81110
j1917
81110
j1917
81110
j1918
81110
j1918
81110
j1919
81110
j1919
81110
j1920
81110
j1920
81110
j1921
81110
j1921
81110
j1922
81110
j1922
81110
j1923
81110
j1923
81110
j1924
81110
j1924
81110
j1925
81110
j1925
81110
j1926
81110
j1926
81110
j1927
81110
j1927
83037
j1928
83037
j1928
83037
j1929
83037
j1929
83037
j1930
83037
j1930
83037
j1931
83037
j1931
83037
j1932
83037
j1932
83037
j1933
83037
j1933
83037
j1934
83037
j1934
83037
j1935
84972
j1935
84972
j1936
84972
j1936
84972
j1937
84972
j1937
84972
j1938
84972
j1938
84972
j1939
84972
j1939
84972
j1940
84972
j1940
84972
j1941
84972
j1941
84972
j1942
84972
j1942
84972
j1943
84972
j1943
84972
j1944
84972
j1944
84972
j1945
84972
j1945
84972
j1946
84972
j1946
84972
j1947
84972
j1947
84972
j1948
84972
j1948
84972
j1949
84972
j1949
84972
j1950
84972
j1950
84972
j1951
84972
j1951
84972
j1952
84972
j1952
84972
j1953
84972
j1953
84972
j1954
84972
j1954
84972
j1955
84972
j1955
84972
j1956
84972
j1956
84972
j1957
84972
j1957
84972
j1958
84972
j1958
84972
j1959
84972
j1959
84972
j1960
84972
j1960
84972
j1961
84972
j1961
84972
j1962
84972
j1962
84972
j1963
84972
j1963
84972
j1964
84972
j1964
84972
j1965
84972
j1965
84972
j1966
84972
j1966
84972
j1967
84972
j1967
84972
j1968
84972
j1968
84972
j1969
84972
j1969
84972
j1970
84972
j1970
84972
j1971
84972
j1971
84972
j1972
84972
j1972
84972
j1973
84972
j1973
84972
j1974
84972
j1974
86946
j1975
86946
j1975
86946
j1976
86946
j1976
86946
j1977
86946
j1977
86946
j1978
88924
j1978
88924
j1979
88924
j1979
88924
j1980
88924
j1980
88924
j1981
88924
j1981
88924
j1982
88924
j1982
88924
j1983
88924
j1983
88924
j1984
88924
j1984
88924
j1985
88924
j1985
88924
j1986
88924
j1986
88924
j1987
88924
j1987
88924
j1988
88924
j1988
88924
j1989
88924
j1989
88924
j1990
88924
j1990
88924
j1991
88924
j1991
88924
j1992
88924
j1992
88924
j1993
88924
j1993
88924
j1994
88924
j1994
88924
j1995
88924
j1995
88924
j1996
88924
j1996
88924
j1997
88924
j1997
88924
j1998
88924
j1998
88924
j1999
88924
j1999
88924
j2000
88924
j2000
88924
j2001
88924
j2001
88924
j2002
88924
j2002
88924
j2003
88924
j2003
88924
j2004
88924
j2004
88924
j2005
88924
j2005
88924
j2006
88924
j2006
88924
j2007
88924
j2007
88924
j2008
88924
j2008
88924
j2009
88924
j2009
88924
j2010
88924
j2010
88924
j2011
88924
j2011
88924
j2012
88924
j2012
88924
j2013
88924
j2013
88924
j2014
88924
j2014
88924
j2015
88924
j2015
88924
j2016
88924
j2016
88924
j2017
88924
j2017
88924
j2018
88924
j2018
88924
j2019
88924
j2019
88924
j2020
88924
j2020
88924
j2021
90945
j2022
90945
j2022
90945
j2023
90945
j2023
90945
j2024
90945
j2024
90945
j2025
90945
j2025
90945
j2026
90945
j2026
90945
j2027
90945
j2027
90945
j2028
90945
j2028
90945
j2029
90945
j2029
90945
j2030
90945
j2030
90945
j2031
90945
j2031
90945
j2032
90945
j2032
90945
j2033
90945
j2033
90945
j2034
90945
j2034
90945
j2035
90945
j2035
90945
j2036
90945
j2036
90945
j2037
90945
j2037
90945
j2038
90945
j2038
90945
j2039
90945
j2039
90945
j2040
90945
j2040
90945
j2041
90945
j2041
90945
j2042
90945
j2042
90945
j2043
90945
j2043
90945
j2044
90945
j2044
90945
j2045
90945
j2045
90945
j2046
90945
j2046
90945
j2047
90945
j2047
90945
j2048
90945
j2048
90945
j2049
90945
j2049
90945
j2050
90945
j2050
90945
j2051
90945
j2051
90945
j2052
90945
j2052
90945
j2053
90945
j2053
90945
j2054
90945
j2054
90945
j2055
90945
j2055
90945
j2056
90945
j2056
90945
j2057
90945
j2057
90945
j2058
90945
j2058
90945
j2059
90945
j2059
90945
j2060
90945
j2060
90945
j2061
90945
j2061
90945
j2062
90945
j2062
90945
j2063
90945
j2063
90945
j2064
93009
j2064
93009
j2065
93009
j2065
93009
j2066
93009
j2066
93009
j2067
93009
j2067
93009
j2068
93009
j2068
95077
j2069
95077
j2069
95077
j2070
95077
j2070
95077
j2071
95077
j2071
95077
j2072
95077
j2072
95077
j2073
95077
j2073
95077
j2074
95077
j2074
95077
j2075
95077
j2075
95077
j2076
95077
j2076
95077
j2077
95077
j2077
95077
j2078
95077
j2078
95077
j2079
95077
j2079
95077
j2080
95077
j2080
95077
j2081
95077
j2081
95077
j2082
95077
j2082
95077
j2083
95077
j2083
95077
j2084
95077
j2084
95077
j2085
95077
j2085
95077
j2086
95077
j2086
95077
j2087
95077
j2087
95077
j2088
95077
j2088
95077
j2089
95077
j2089
95077
j2090
95077
j2090
95077
j2091
95077
j2091
95077
j2092
95077
j2092
95077
j2093
95077
j2093
95077
j2094
95077
j2094
95077
j2095
95077
j2095
95077
j2096
95077
j2096
95077
j2097
95077
j2097
95077
j2098
95077
j2098
95077
j2099
95077
j2099
95077
j2100
95077
j2100
95077
j2101
95077
j2101
95077
j2102
95077
j2102
95077
j2103
95077
j2103
95077
j2104
95077
j2104
95077
j2105
95077
j2105
95077
j2106
95077
j2106
95077
j2107
97184
j2107
97184
j2108
97184
j2108
97184
j2109
97184
j2109
97184
j2110
97184
j2110
97184
j2111
97184
j2111
97184
j2112
97184
j2112
97184
j2113
97184
j2113
97184
j2114
97184
j2114
97184
j2115
97184
j2115
99299
j2116
99299
j2116
99299
j2117
99299
j2117
99299
j2118
99299
j2118
99299
j2119
99299
j2119
99299
j2120
99299
j2120
99299
j2121
99299
j2121
99299
j2122
99299
j2122
99299
j2123
99299
j2123
99299
j2124
99299
j2124
99299
j2125
99299
j2125
99299
j2126
99299
j2126
99299
j2127
99299
j2127
99299
j2128
99299
j2128
99299
j2129
99299
j2129
99299
j2130
99299
j2130
99299
j2131
99299
j2131
99299
j2132
99299
j2132
99299
j2133
99299
j2133
99299
j2134
99299
j2134
99299
j2135
99299
j2135
99299
j2136
99299
j2136
99299
j2137
99299
j2137
99299
j2138
99299
j2138
99299
j2139
99299
j2139
99299
j2140
99299
j2140
99299
j2141
99299
j2141
99299
j2142
99299
j2142
99299
j2143
99299
j2143
99299
j2144
99299
j2144
99299
j2145
99299
j2145
99299
j2146
99299
j2146
99299
j2147
99299
j2147
99299
j2148
99299
j2148
99299
j2149
99299
j2149
99299
j2150
101449
j2150
101449
j2151
101449
j2151
101449
j2152
101449
j2152
101449
j2153
101449
j2153
101449
j2154
101449
j2154
101449
j2155
101449
j2155
101449
j2156
101449
j2156
101449
j2157
101449
j2157
101449
j2158
101449
j2158
101449
j2159
101449
j2159
101449
j2160
101449
j2160
101449
j2161
101449
j2161
101449
j2162
101449
j2162
103611
j2163
103611
j2163
103611
j2164
103611
j2164
103611
j2165
103611
j2165
103611
j2166
103611
j2166
103611
j2167
103611
j2167
103611
j2168
103611
j2168
103611
j2169
103611
j2169
103611
j2170
103611
j2170
103611
j2171
103611
j2171
103611
j2172
103611
j2172
103611
j2173
103611
j2173
103611
j2174
103611
j2174
103611
j2175
103611
j2175
103611
j2176
103611
j2176
103611
j2177
103611
j2177
103611
j2178
103611
j2178
103611
j2179
103611
j2179
103611
j2180
103611
j2180
103611
j2181
103611
j2181
103611
j2182
103611
j2182
103611
j2183
103611
j2183
103611
j2184
103611
j2184
103611
j2185
103611
j2185
103611
j2186
103611
j2186
103611
j2187
103611
j2187
103611
j2188
103611
j2188
103611
j2189
103611
j2189
103611
j2190
103611
j2190
103611
j2191
103611
j2191
103611
j2192
103611
j2192
103611
j2193
105804
j2193
105804
j2194
105804
j2194
105804
j2195
105804
j2195
105804
j2196
105804
j2196
105804
j2197
105804
j2197
105804
j2198
105804
j2198
105804
j2199
105804
j2199
105804
j2200
105804
j2200
105804
j2201
105804
j2201
105804
j2202
105804
j2202
105804
j2203
105804
j2203
105804
j2204
105804
j2204
105804
j2205
105804
j2205
105804
j2206
105804
j2206
105804
j2207
105804
j2207
105804
j2208
105804
j2208
105804
j2209
105804
j2209
108013
j2210
108013
j2210
108013
j2211
108013
j2211
108013
j2212
108013
j2212
108013
j2213
108013
j2213
108013
j2214
108013
j2214
108013
j2215
108013
j2215
108013
j2216
108013
j2216
108013
j2217
108013
j2217
108013
j2218
108013
j2218
108013
j2219
108013
j2219
108013
j2220
108013
j2220
108013
j2221
108013
j2221
108013
j2222
108013
j2222
108013
j2223
108013
j2223
108013
j2224
108013
j2224
108013
j2225
108013
j2225
108013
j2226
108013
j2226
108013
j2227
108013
j2227
108013
j2228
108013
j2228
108013
j2229
108013
j2229
108013
j2230
108013
j2230
108013
j2231
108013
j2231
108013
j2232
108013
j2232
108013
j2233
108013
j2233
108013
j2234
108013
j2234
108013
j2235
108013
j2235
108013
j2236
110249
j2236
110249
j2237
110249
j2237
110249
j2238
110249
j2238
110249
j2239
110249
j2239
110249
j2240
110249
j2240
110249
j2241
110249
j2241
110249
j2242
110249
j2242
110249
j2243
110249
j2243
110249
j2244
110249
j2244
110249
j2245
110249
j2245
110249
j2246
110249
j2246
110249
j2247
110249
j2247
110249
j2248
110249
j2248
110249
j2249
110249
j2249
110249
j2250
110249
j2250
110249
j2251
110249
j2251
110249
j2252
110249
j2252
110249
j2253
110249
j2253
110249
j2254
110249
j2254
110249
j2255
110249
j2255
110249
j2256
110249
j2256
112505
j2257
112505
j2257
112505
j2258
112505
j2258
112505
j2259
112505
j2259
112505
j2260
112505
j2260
112505
j2261
112505
j2261
112505
j2262
112505
j2262
112505
j2263
112505
j2263
112505
j2264
112505
j2264
112505
j2265
112505
j2265
112505
j2266
112505
j2266
112505
j2267
112505
j2267
112505
j2268
112505
j2268
112505
j2269
112505
j2269
112505
j2270
112505
j2270
112505
j2271
112505
j2271
112505
j2272
112505
j2272
112505
j2273
112505
j2273
112505
j2274
112505
j2274
112505
j2275
112505
j2275
112505
j2276
112505
j2276
112505
j2277
112505
j2277
112505
j2278
112505
j2278
112505
j2279
114784
j2279
114784
j2280
114784
j2280
114784
j2281
114784
j2281
114784
j2282
114784
j2282
114784
j2283
114784
j2283
114784
j2284
114784
j2284
114784
j2285
114784
j2285
114784
j2286
114784
j2286
114784
j2287
114784
j2287
114784
j2288
114784
j2288
114784
j2289
114784
j2289
114784
j2290
114784
j2290
114784
j2291
114784
j2291
114784
j2292
114784
j2292
114784
j2293
114784
j2293
114784
j2294
114784
j2294
114784
j2295
114784
j2295
114784
j2296
114784
j2296
114784
j2297
114784
j2297
114784
j2298
114784
j2298
114784
j2299
114784
j2299
114784
j2300
114784
j2300
114784
j2301
114784
j2301
114784
j2302
114784
j2302
114784
j2303
114784
j2303
117087
j2304
117087
j2304
117087
j2305
117087
j2305
117087
j2306
117087
j2306
117087
j2307
117087
j2307
117087
j2308
117087
j2308
117087
j2309
117087
j2309
117087
j2310
117087
j2310
117087
j2311
117087
j2311
117087
j2312
117087
j2312
117087
j2313
117087
j2313
117087
j2314
117087
j2314
117087
j2315
117087
j2315
117087
j2316
117087
j2316
117087
j2317
117087
j2317
117087
j2318
117087
j2318
117087
j2319
117087
j2319
117087
j2320
117087
j2320
117087
j2321
117087
j2321
117087
j2322
119409
j2322
119409
j2323
119409
j2323
119409
j2324
119409
j2324
119409
j2325
119409
j2325
119409
j2326
119409
j2326
119409
j2327
119409
j2327
119409
j2328
119409
j2328
119409
j2329
119409
j2329
119409
j2330
119409
j2330
119409
j2331
119409
j2331
119409
j2332
119409
j2332
119409
j2333
119409
j2333
119409
j2334
119409
j2334
119409
j2335
119409
j2335
119409
j2336
119409
j2336
119409
j2337
119409
j2337
119409
j2338
119409
j2338
119409
j2339
119409
j2339
119409
j2340
119409
j2340
119409
j2341
119409
j2341
119409
j2342
119409
j2342
119409
j2343
119409
j2343
119409
j2344
119409
j2344
119409
j2345
119409
j2345
119409
j2346
119409
j2346
119409
j2347
119409
j2347
119409
j2348
119409
j2348
119409
j2349
119409
j2349
119409
j2350
119409
j2350
121759
j2351
121759
j2351
121759
j2352
121759
j2352
121759
j2353
121759
j2353
121759
j2354
121759
j2354
121759
j2355
121759
j2355
121759
j2356
121759
j2356
121759
j2357
121759
j2357
121759
j2358
121759
j2358
121759
j2359
121759
j2359
121759
j2360
121759
j2360
121759
j2361
121759
j2361
121759
j2362
121759
j2362
121759
j2363
121759
j2363
121759
j2364
121759
j2364
121759
j2365
124124
j2365
124124
j2366
124124
j2366
124124
j2367
124124
j2367
124124
j2368
124124
j2368
124124
j2369
124124
j2369
124124
j2370
124124
j2370
124124
j2371
124124
j2371
124124
j2372
124124
j2372
124124
j2373
124124
j2373
124124
j2374
124124
j2374
124124
j2375
124124
j2375
124124
j2376
124124
j2376
124124
j2377
124124
j2377
124124
j2378
124124
j2378
124124
j2379
124124
j2379
124124
j2380
124124
j2380
124124
j2381
124124
j2381
124124
j2382
124124
j2382
124124
j2383
124124
j2383
124124
j2384
124124
j2384
124124
j2385
124124
j2385
124124
j2386
124124
j2386
124124
j2387
124124
j2387
124124
j2388
124124
j2388
124124
j2389
124124
j2389
124124
j2390
124124
j2390
124124
j2391
124124
j2391
124124
j2392
124124
j2392
124124
j2393
124124
j2393
124124
j2394
124124
j2394
124124
j2395
124124
j2395
124124
j2396
124124
j2396
124124
j2397
124124
j2397
126521
j2398
126521
j2398
126521
j2399
126521
j2399
126521
j2400
126521
j2400
126521
j2401
126521
j2401
126521
j2402
126521
j2402
126521
j2403
126521
j2403
126521
j2404
126521
j2404
126521
j2405
126521
j2405
126521
j2406
126521
j2406
126521
j2407
126521
j2407
126521
j2408
128929
j2408
128929
j2409
128929
j2409
128929
j2410
128929
j2410
128929
j2411
128929
j2411
128929
j2412
128929
j2412
128929
j2413
128929
j2413
128929
j2414
128929
j2414
128929
j2415
128929
j2415
128929
j2416
128929
j2416
128929
j2417
128929
j2417
128929
j2418
128929
j2418
128929
j2419
128929
j2419
128929
j2420
128929
j2420
128929
j2421
128929
j2421
128929
j2422
128929
j2422
128929
j2423
128929
j2423
128929
j2424
128929
j2424
128929
j2425
128929
j2425
128929
j2426
128929
j2426
128929
j2427
128929
j2427
128929
j2428
128929
j2428
128929
j2429
128929
j2429
128929
j2430
128929
j2430
128929
j2431
128929
j2431
128929
j2432
128929
j2432
128929
j2433
128929
j2433
128929
j2434
128929
j2434
128929
j2435
128929
j2435
128929
j2436
128929
j2436
128929
j2437
128929
j2437
128929
j2438
128929
j2438
128929
j2439
128929
j2439
128929
j2440
128929
j2440
128929
j2441
128929
j2441
128929
j2442
128929
j2442
128929
j2443
128929
j2443
128929
j2444
128929
j2444
131373
j2445
131373
j2445
131373
j2446
131373
j2446
131373
j2447
131373
j2447
131373
j2448
131373
j2448
131373
j2449
131373
j2449
131373
j2450
131373
j2450
131373
j2451
133824
j2451
133824
j2452
133824
j2452
133824
j2453
133824
j2453
133824
j2454
133824
j2454
133824
j2455
133824
j2455
133824
j2456
133824
j2456
133824
j2457
133824
j2457
133824
j2458
133824
j2458
133824
j2459
133824
j2459
133824
j2460
133824
j2460
133824
j2461
133824
j2461
133824
j2462
133824
j2462
133824
j2463
133824
j2463
133824
j2464
133824
j2464
133824
j2465
133824
j2465
133824
j2466
133824
j2466
133824
j2467
133824
j2467
133824
j2468
133824
j2468
133824
j2469
133824
j2469
133824
j2470
133824
j2470
133824
j2471
133824
j2471
133824
j2472
133824
j2472
133824
j2473
133824
j2473
133824
j2474
133824
j2474
133824
j2475
133824
j2475
133824
j2476
133824
j2476
133824
j2477
133824
j2477
133824
j2478
133824
j2478
133824
j2479
133824
j2479
133824
j2480
133824
j2480
133824
j2481
133824
j2481
133824
j2482
133824
j2482
133824
j2483
133824
j2483
133824
j2484
133824
j2484
133824
j2485
133824
j2485
133824
j2486
133824
j2486
133824
j2487
133824
j2487
133824
j2488
133824
j2488
133824
j2489
133824
j2489
133824
j2490
133824
j2490
133824
j2491
133824
j2491
136315
j2492
136315
j2492
136315
j2493
136315
j2493
136315
j2494
138809
j2494
138809
j2495
138809
j2495
138809
j2496
138809
j2496
138809
j2497
138809
j2497
138809
j2498
138809
j2498
138809
j2499
138809
j2499
138809
j2500
138809
j2500
138809
j2501
138809
j2501
138809
j2502
138809
j2502
138809
j2503
138809
j2503
138809
j2504
138809
j2504
138809
j2505
138809
j2505
138809
j2506
138809
j2506
138809
j2507
138809
j2507
138809
j2508
138809
j2508
138809
j2509
138809
j2509
138809
j2510
138809
j2510
138809
j2511
138809
j2511
138809
j2512
138809
j2512
138809
j2513
138809
j2513
138809
j2514
138809
j2514
138809
j2515
138809
j2515
138809
j2516
138809
j2516
138809
j2517
138809
j2517
138809
j2518
138809
j2518
138809
j2519
138809
j2519
138809
j2520
138809
j2520
138809
j2521
138809
j2521
138809
j2522
138809
j2522
138809
j2523
138809
j2523
138809
j2524
138809
j2524
138809
j2525
138809
j2525
138809
j2526
138809
j2526
138809
j2527
138809
j2527
138809
j2528
138809
j2528
138809
j2529
138809
j2529
138809
j2530
138809
j2530
138809
j2531
138809
j2531
138809
j2532
138809
j2532
138809
j2533
138809
j2533
138809
j2534
138809
j2534
138809
j2535
138809
j2535
138809
j2536
138809
j2536
138809
j2537
141346
j2537
141346
j2538
141346
j2538
143884
j2539
143884
j2539
143884
j2540
143884
j2540
143884
j2541
143884
j2541
143884
j2542
143884
j2542
143884
j2543
143884
j2543
143884
j2544
143884
j2544
143884
j2545
143884
j2545
143884
j2546
143884
j2546
143884
j2547
143884
j2547
143884
j2548
143884
j2548
143884
j2549
143884
j2549
143884
j2550
143884
j2550
143884
j2551
143884
j2551
143884
j2552
143884
j2552
143884
j2553
143884
j2553
143884
j2554
143884
j2554
143884
j2555
143884
j2555
143884
j2556
143884
j2556
143884
j2557
143884
j2557
143884
j2558
143884
j2558
143884
j2559
143884
j2559
143884
j2560
143884
j2560
143884
j2561
143884
j2561
143884
j2562
143884
j2562
143884
j2563
143884
j2563
143884
j2564
143884
j2564
143884
j2565
143884
j2565
143884
j2566
143884
j2566
143884
j2567
143884
j2567
143884
j2568
143884
j2568
143884
j2569
143884
j2569
143884
j2570
143884
j2570
143884
j2571
143884
j2571
143884
j2572
143884
j2572
143884
j2573
143884
j2573
143884
j2574
143884
j2574
143884
j2575
143884
j2575
143884
j2576
143884
j2576
143884
j2577
143884
j2577
143884
j2578
143884
j2578
143884
j2579
143884
j2579
143884
j2580
146464
j2580
146464
j2581
146464
j2581
146464
j2582
146464
j2582
146464
j2583
146464
j2583
146464
j2584
146464
j2584
146464
j2585
146464
j2585
149049
j2586
149049
j2586
149049
j2587
149049
j2587
149049
j2588
149049
j2588
149049
j2589
149049
j2589
149049
j2590
149049
j2590
149049
j2591
149049
j2591
149049
j2592
149049
j2592
149049
j2593
149049
j2593
149049
j2594
149049
j2594
149049
j2595
149049
j2595
149049
j2596
149049
j2596
149049
j2597
149049
j2597
149049
j2598
149049
j2598
149049
j2599
149049
j2599
149049
j2600
149049
j2600
149049
j2601
149049
j2601
149049
j2602
149049
j2602
149049
j2603
149049
j2603
149049
j2604
149049
j2604
149049
j2605
149049
j2605
149049
j2606
149049
j2606
149049
j2607
149049
j2607
149049
j2608
149049
j2608
149049
j2609
149049
j2609
149049
j2610
149049
j2610
149049
j2611
149049
j2611
149049
j2612
149049
j2612
149049
j2613
149049
j2613
149049
j2614
149049
j2614
149049
j2615
149049
j2615
149049
j2616
149049
j2616
149049
j2617
149049
j2617
149049
j2618
149049
j2618
149049
j2619
149049
j2619
149049
j2620
149049
j2620
149049
j2621
149049
j2621
149049
j2622
149049
j2622
149049
j2623
151672
j2623
151672
j2624
151672
j2624
151672
j2625
151672
j2625
151672
j2626
151672
j2626
151672
j2627
151672
j2627
151672
j2628
151672
j2628
151672
j2629
151672
j2629
151672
j2630
151672
j2630
151672
j2631
151672
j2631
151672
j2632
151672
j2632
154304
j2633
154304
j2633
154304
j2634
154304
j2634
154304
j2635
154304
j2635
154304
j2636
154304
j2636
154304
j2637
154304
j2637
154304
j2638
154304
j2638
154304
j2639
154304
j2639
154304
j2640
154304
j2640
154304
j2641
154304
j2641
154304
j2642
154304
j2642
154304
j2643
154304
j2643
154304
j2644
154304
j2644
154304
j2645
154304
j2645
154304
j2646
154304
j2646
154304
j2647
154304
j2647
154304
j2648
154304
j2648
154304
j2649
154304
j2649
154304
j2650
154304
j2650
154304
j2651
154304
j2651
154304
j2652
154304
j2652
154304
j2653
154304
j2653
154304
j2654
154304
j2654
154304
j2655
154304
j2655
154304
j2656
154304
j2656
154304
j2657
154304
j2657
154304
j2658
154304
j2658
154304
j2659
154304
j2659
154304
j2660
154304
j2660
154304
j2661
154304
j2661
154304
j2662
154304
j2662
154304
j2663
154304
j2663
154304
j2664
154304
j2664
154304
j2665
154304
j2665
154304
j2666
156970
j2666
156970
j2667
156970
j2667
156970
j2668
156970
j2668
156970
j2669
156970
j2669
156970
j2670
156970
j2670
156970
j2671
156970
j2671
156970
j2672
156970
j2672
156970
j2673
156970
j2673
156970
j2674
156970
j2674
156970
j2675
156970
j2675
156970
j2676
156970
j2676
156970
j2677
156970
j2677
156970
j2678
156970
j2678
156970
j2679
156970
j2679
159649
j2680
159649
j2680
159649
j2681
159649
j2681
159649
j2682
159649
j2682
159649
j2683
159649
j2683
159649
j2684
159649
j2684
159649
j2685
159649
j2685
159649
j2686
159649
j2686
159649
j2687
159649
j2687
159649
j2688
159649
j2688
159649
j2689
159649
j2689
159649
j2690
159649
j2690
159649
j2691
159649
j2691
159649
j2692
159649
j2692
159649
j2693
159649
j2693
159649
j2694
159649
j2694
159649
j2695
159649
j2695
159649
j2696
159649
j2696
159649
j2697
159649
j2697
159649
j2698
159649
j2698
159649
j2699
159649
j2699
159649
j2700
159649
j2700
159649
j2701
159649
j2701
159649
j2702
159649
j2702
159649
j2703
159649
j2703
159649
j2704
159649
j2704
159649
j2705
159649
j2705
159649
j2706
159649
j2706
159649
j2707
159649
j2707
159649
j2708
159649
j2708
159649
j2709
162358
j2709
162358
j2710
162358
j2710
162358
j2711
162358
j2711
162358
j2712
162358
j2712
162358
j2713
162358
j2713
162358
j2714
162358
j2714
162358
j2715
162358
j2715
162358
j2716
162358
j2716
162358
j2717
162358
j2717
162358
j2718
162358
j2718
162358
j2719
162358
j2719
162358
j2720
162358
j2720
162358
j2721
162358
j2721
162358
j2722
162358
j2722
162358
j2723
162358
j2723
162358
j2724
162358
j2724
162358
j2725
162358
j2725
162358
j2726
162358
j2726
165084
j2727
165084
j2727
165084
j2728
165084
j2728
165084
j2729
165084
j2729
165084
j2730
165084
j2730
165084
j2731
165084
j2731
165084
j2732
165084
j2732
165084
j2733
165084
j2733
165084
j2734
165084
j2734
165084
j2735
165084
j2735
165084
j2736
165084
j2736
165084
j2737
165084
j2737
165084
j2738
165084
j2738
165084
j2739
165084
j2739
165084
j2740
165084
j2740
165084
j2741
165084
j2741
165084
j2742
165084
j2742
165084
j2743
165084
j2743
165084
j2744
165084
j2744
165084
j2745
165084
j2745
165084
j2746
165084
j2746
165084
j2747
165084
j2747
165084
j2748
165084
j2748
165084
j2749
165084
j2749
165084
j2750
165084
j2750
165084
j2751
165084
j2751
165084
j2752
167836
j2752
167836
j2753
167836
j2753
167836
j2754
167836
j2754
167836
j2755
167836
j2755
167836
j2756
167836
j2756
167836
j2757
167836
j2757
167836
j2758
167836
j2758
167836
j2759
167836
j2759
167836
j2760
167836
j2760
167836
j2761
167836
j2761
167836
j2762
167836
j2762
167836
j2763
167836
j2763
167836
j2764
167836
j2764
167836
j2765
167836
j2765
167836
j2766
167836
j2766
167836
j2767
167836
j2767
167836
j2768
167836
j2768
167836
j2769
167836
j2769
167836
j2770
167836
j2770
167836
j2771
167836
j2771
167836
j2772
167836
j2772
167836
j2773
167836
j2773
170609
j2774
170609
j2774
170609
j2775
170609
j2775
170609
j2776
170609
j2776
170609
j2777
170609
j2777
170609
j2778
170609
j2778
170609
j2779
170609
j2779
170609
j2780
170609
j2780
170609
j2781
170609
j2781
170609
j2782
170609
j2782
170609
j2783
170609
j2783
170609
j2784
170609
j2784
170609
j2785
170609
j2785
170609
j2786
170609
j2786
170609
j2787
170609
j2787
170609
j2788
170609
j2788
170609
j2789
170609
j2789
170609
j2790
170609
j2790
170609
j2791
170609
j2791
170609
j2792
170609
j2792
170609
j2793
170609
j2793
170609
j2794
170609
j2794
170609
j2795
173404
j2795
173404
j2796
173404
j2796
173404
j2797
173404
j2797
173404
j2798
173404
j2798
173404
j2799
173404
j2799
173404
j2800
173404
j2800
173404
j2801
173404
j2801
173404
j2802
173404
j2802
173404
j2803
173404
j2803
173404
j2804
173404
j2804
173404
j2805
173404
j2805
173404
j2806
173404
j2806
173404
j2807
173404
j2807
173404
j2808
173404
j2808
173404
j2809
173404
j2809
173404
j2810
173404
j2810
173404
j2811
173404
j2811
173404
j2812
173404
j2812
173404
j2813
173404
j2813
173404
j2814
173404
j2814
173404
j2815
173404
j2815
173404
j2816
173404
j2816
173404
j2817
173404
j2817
173404
j2818
173404
j2818
173404
j2819
173404
j2819
173404
j2820
173404
j2820
176224
j2821
176224
j2821
176224
j2822
176224
j2822
176224
j2823
176224
j2823
176224
j2824
176224
j2824
176224
j2825
176224
j2825
176224
j2826
176224
j2826
176224
j2827
176224
j2827
176224
j2828
176224
j2828
176224
j2829
176224
j2829
176224
j2830
176224
j2830
176224
j2831
176224
j2831
176224
j2832
176224
j2832
176224
j2833
176224
j2833
176224
j2834
176224
j2834
176224
j2835
176224
j2835
176224
j2836
176224
j2836
176224
j2837
176224
j2837
176224
j2838
179062
j2838
179062
j2839
179062
j2839
179062
j2840
179062
j2840
179062
j2841
179062
j2841
179062
j2842
179062
j2842
179062
j2843
179062
j2843
179062
j2844
179062
j2844
179062
j2845
179062
j2845
179062
j2846
179062
j2846
179062
j2847
179062
j2847
179062
j2848
179062
j2848
179062
j2849
179062
j2849
179062
j2850
179062
j2850
179062
j2851
179062
j2851
179062
j2852
179062
j2852
179062
j2853
179062
j2853
179062
j2854
179062
j2854
179062
j2855
179062
j2855
179062
j2856
179062
j2856
179062
j2857
179062
j2857
179062
j2858
179062
j2858
179062
j2859
179062
j2859
179062
j2860
179062
j2860
179062
j2861
179062
j2861
179062
j2862
179062
j2862
179062
j2863
179062
j2863
179062
j2864
179062
j2864
179062
j2865
179062
j2865
179062
j2866
179062
j2866
179062
j2867
179062
j2867
181929
j2868
181929
j2868
181929
j2869
181929
j2869
181929
j2870
181929
j2870
181929
j2871
181929
j2871
181929
j2872
181929
j2872
181929
j2873
181929
j2873
181929
j2874
181929
j2874
181929
j2875
181929
j2875
181929
j2876
181929
j2876
181929
j2877
181929
j2877
181929
j2878
181929
j2878
181929
j2879
181929
j2879
181929
j2880
181929
j2880
181929
j2881
184810
j2881
184810
j2882
184810
j2882
184810
j2883
184810
j2883
184810
j2884
184810
j2884
184810
j2885
184810
j2885
184810
j2886
184810
j2886
184810
j2887
184810
j2887
184810
j2888
184810
j2888
184810
j2889
184810
j2889
184810
j2890
184810
j2890
184810
j2891
184810
j2891
184810
j2892
184810
j2892
184810
j2893
184810
j2893
184810
j2894
184810
j2894
184810
j2895
184810
j2895
184810
j2896
184810
j2896
184810
j2897
184810
j2897
184810
j2898
184810
j2898
184810
j2899
184810
j2899
184810
j2900
184810
j2900
184810
j2901
184810
j2901
184810
j2902
184810
j2902
184810
j2903
184810
j2903
184810
j2904
184810
j2904
184810
j2905
184810
j2905
184810
j2906
184810
j2906
184810
j2907
184810
j2907
184810
j2908
184810
j2908
184810
j2909
184810
j2909
184810
j2910
184810
j2910
184810
j2911
184810
j2911
184810
j2912
184810
j2912
184810
j2913
184810
j2913
184810
j2914
184810
j2914
187724
j2915
187724
j2915
187724
j2916
187724
j2916
187724
j2917
187724
j2917
187724
j2918
187724
j2918
187724
j2919
187724
j2919
187724
j2920
187724
j2920
187724
j2921
187724
j2921
187724
j2922
187724
j2922
187724
j2923
187724
j2923
187724
j2924
190648
j2924
190648
j2925
190648
j2925
190648
j2926
190648
j2926
190648
j2927
190648
j2927
190648
j2928
190648
j2928
190648
j2929
190648
j2929
190648
j2930
190648
j2930
190648
j2931
190648
j2931
190648
j2932
190648
j2932
190648
j2933
190648
j2933
190648
j2934
190648
j2934
190648
j2935
190648
j2935
190648
j2936
190648
j2936
190648
j2937
190648
j2937
190648
j2938
190648
j2938
190648
j2939
190648
j2939
190648
j2940
190648
j2940
190648
j2941
190648
j2941
190648
j2942
190648
j2942
190648
j2943
190648
j2943
190648
j2944
190648
j2944
190648
j2945
190648
j2945
190648
j2946
190648
j2946
190648
j2947
190648
j2947
190648
j2948
190648
j2948
190648
j2949
190648
j2949
190648
j2950
190648
j2950
190648
j2951
190648
j2951
190648
j2952
190648
j2952
190648
j2953
190648
j2953
190648
j2954
190648
j2954
190648
j2955
190648
j2955
190648
j2956
190648
j2956
190648
j2957
190648
j2957
190648
j2958
190648
j2958
190648
j2959
190648
j2959
190648
j2960
190648
j2960
190648
j2961
190648
j2961
193609
j2962
193609
j2962
193609
j2963
193609
j2963
193609
j2964
193609
j2964
193609
j2965
193609
j2965
193609
j2966
193609
j2966
193609
j2967
196576
j2967
196576
j2968
196576
j2968
196576
j2969
196576
j2969
196576
j2970
196576
j2970
196576
j2971
196576
j2971
196576
j2972
196576
j2972
196576
j2973
196576
j2973
196576
j2974
196576
j2974
196576
j2975
196576
j2975
196576
j2976
196576
j2976
196576
j2977
196576
j2977
196576
j2978
196576
j2978
196576
j2979
196576
j2979
196576
j2980
196576
j2980
196576
j2981
196576
j2981
196576
j2982
196576
j2982
196576
j2983
196576
j2983
196576
j2984
196576
j2984
196576
j2985
196576
j2985
196576
j2986
196576
j2986
196576
j2987
196576
j2987
196576
j2988
196576
j2988
196576
j2989
196576
j2989
196576
j2990
196576
j2990
196576
j2991
196576
j2991
196576
j2992
196576
j2992
196576
j2993
196576
j2993
196576
j2994
196576
j2994
196576
j2995
196576
j2995
196576
j2996
196576
j2996
196576
j2997
196576
j2997
196576
j2998
196576
j2998
196576
j2999
196576
j2999
196576
j3000
196576
j3000
196576
j3001
196576
j3001
196576
j3002
196576
j3002
196576
j3003
196576
j3003
196576
j3004
196576
j3004
196576
j3005
196576
j3005
196576
j3006
196576
j3006
196576
j3007
196576
j3007
196576
j3008
196576
j3008
199584
j3009
199584
j3009
199584
j3010
202594
j3010
202594
j3011
202594
j3011
202594
j3012
202594
j3012
202594
j3013
202594
j3013
202594
j3014
202594
j3014
202594
j3015
202594
j3015
202594
j3016
202594
j3016
202594
j3017
202594
j3017
202594
j3018
202594
j3018
202594
j3019
202594
j3019
202594
j3020
202594
j3020
202594
j3021
202594
j3021
202594
j3022
202594
j3022
202594
j3023
202594
j3023
202594
j3024
202594
j3024
202594
j3025
202594
j3025
202594
j3026
202594
j3026
202594
j3027
202594
j3027
202594
j3028
202594
j3028
202594
j3029
202594
j3029
202594
j3030
202594
j3030
202594
j3031
202594
j3031
202594
j3032
202594
j3032
202594
j3033
202594
j3033
202594
j3034
202594
j3034
202594
j3035
202594
j3035
202594
j3036
202594
j3036
202594
j3037
202594
j3037
202594
j3038
202594
j3038
202594
j3039
202594
j3039
202594
j3040
202594
j3040
202594
j3041
202594
j3041
202594
j3042
202594
j3042
202594
j3043
202594
j3043
202594
j3044
202594
j3044
202594
j3045
202594
j3045
202594
j3046
202594
j3046
202594
j3047
202594
j3047
202594
j3048
202594
j3048
202594
j3049
202594
j3049
202594
j3050
202594
j3050
202594
j3051
202594
j3051
202594
j3052
202594
j3052
202594
j3053
205647
j3053
205647
j3054
205647
j3054
205647
j3055
205647
j3055
208702
j3056
208702
j3056
208702
j3057
208702
j3057
208702
j3058
208702
j3058
208702
j3059
208702
j3059
208702
j3060
208702
j3060
208702
j3061
208702
j3061
208702
j3062
208702
j3062
208702
j3063
208702
j3063
208702
j3064
208702
j3064
208702
j3065
208702
j3065
208702
j3066
208702
j3066
208702
j3067
208702
j3067
208702
j3068
208702
j3068
208702
j3069
208702
j3069
208702
j3070
208702
j3070
208702
j3071
208702
j3071
208702
j3072
208702
j3072
208702
j3073
208702
j3073
208702
j3074
208702
j3074
208702
j3075
208702
j3075
208702
j3076
208702
j3076
208702
j3077
208702
j3077
208702
j3078
208702
j3078
208702
j3079
208702
j3079
208702
j3080
208702
j3080
208702
j3081
208702
j3081
208702
j3082
208702
j3082
208702
j3083
208702
j3083
208702
j3084
208702
j3084
208702
j3085
208702
j3085
208702
j3086
208702
j3086
208702
j3087
208702
j3087
208702
j3088
208702
j3088
208702
j3089
208702
j3089
208702
j3090
208702
j3090
208702
j3091
208702
j3091
208702
j3092
208702
j3092
208702
j3093
208702
j3093
208702
j3094
208702
j3094
208702
j3095
208702
j3095
208702
j3096
211798
j3096
211798
j3097
211798
j3097
211798
j3098
211798
j3098
211798
j3099
211798
j3099
211798
j3100
211798
j3100
211798
j3101
211798
j3101
211798
j3102
211798
j3102
214900
j3103
214900
j3103
214900
j3104
214900
j3104
214900
j3105
214900
j3105
214900
j3106
214900
j3106
214900
j3107
214900
j3107
214900
j3108
214900
j3108
214900
j3109
214900
j3109
214900
j3110
214900
j3110
214900
j3111
214900
j3111
214900
j3112
214900
j3112
214900
j3113
214900
j3113
214900
j3114
214900
j3114
214900
j3115
214900
j3115
214900
j3116
214900
j3116
214900
j3117
214900
j3117
214900
j3118
214900
j3118
214900
j3119
214900
j3119
214900
j3120
214900
j3120
214900
j3121
214900
j3121
214900
j3122
214900
j3122
214900
j3123
214900
j3123
214900
j3124
214900
j3124
214900
j3125
214900
j3125
214900
j3126
214900
j3126
214900
j3127
214900
j3127
214900
j3128
214900
j3128
214900
j3129
214900
j3129
214900
j3130
214900
j3130
214900
j3131
214900
j3131
214900
j3132
214900
j3132
214900
j3133
214900
j3133
214900
j3134
214900
j3134
214900
j3135
214900
j3135
214900
j3136
214900
j3136
214900
j3137
214900
j3137
214900
j3138
214900
j3138
214900
j3139
218039
j3139
218039
j3140
218039
j3140
218039
j3141
218039
j3141
218039
j3142
218039
j3142
218039
j3143
218039
j3143
218039
j3144
218039
j3144
218039
j3145
218039
j3145
218039
j3146
218039
j3146
218039
j3147
218039
j3147
218039
j3148
218039
j3148
218039
j3149
218039
j3149
221188
j3150
221188
j3150
221188
j3151
221188
j3151
221188
j3152
221188
j3152
221188
j3153
221188
j3153
221188
j3154
221188
j3154
221188
j3155
221188
j3155
221188
j3156
221188
j3156
221188
j3157
221188
j3157
221188
j3158
221188
j3158
221188
j3159
221188
j3159
221188
j3160
221188
j3160
221188
j3161
221188
j3161
221188
j3162
221188
j3162
221188
j3163
221188
j3163
221188
j3164
221188
j3164
221188
j3165
221188
j3165
221188
j3166
221188
j3166
221188
j3167
221188
j3167
221188
j3168
221188
j3168
221188
j3169
221188
j3169
221188
j3170
221188
j3170
221188
j3171
221188
j3171
221188
j3172
221188
j3172
221188
j3173
221188
j3173
221188
j3174
221188
j3174
221188
j3175
221188
j3175
221188
j3176
221188
j3176
221188
j3177
221188
j3177
221188
j3178
221188
j3178
221188
j3179
221188
j3179
221188
j3180
221188
j3180
221188
j3181
221188
j3181
221188
j3182
224370
j3182
224370
j3183
224370
j3183
224370
j3184
224370
j3184
224370
j3185
224370
j3185
224370
j3186
224370
j3186
224370
j3187
224370
j3187
224370
j3188
224370
j3188
224370
j3189
224370
j3189
224370
j3190
224370
j3190
224370
j3191
224370
j3191
224370
j3192
224370
j3192
224370
j3193
224370
j3193
224370
j3194
224370
j3194
224370
j3195
224370
j3195
224370
j3196
224370
j3196
227566
j3197
227566
j3197
227566
j3198
227566
j3198
227566
j3199
227566
j3199
227566
j3200
227566
j3200
227566
j3201
227566
j3201
227566
j3202
227566
j3202
227566
j3203
227566
j3203
227566
j3204
227566
j3204
227566
j3205
227566
j3205
227566
j3206
227566
j3206
227566
j3207
227566
j3207
227566
j3208
227566
j3208
227566
j3209
227566
j3209
227566
j3210
227566
j3210
227566
j3211
227566
j3211
227566
j3212
227566
j3212
227566
j3213
227566
j3213
227566
j3214
227566
j3214
227566
j3215
227566
j3215
227566
j3216
227566
j3216
227566
j3217
227566
j3217
227566
j3218
227566
j3218
227566
j3219
227566
j3219
227566
j3220
227566
j3220
227566
j3221
227566
j3221
227566
j3222
227566
j3222
227566
j3223
227566
j3223
227566
j3224
227566
j3224
227566
j3225
230791
j3225
230791
j3226
230791
j3226
230791
j3227
230791
j3227
230791
j3228
230791
j3228
230791
j3229
230791
j3229
230791
j3230
230791
j3230
230791
j3231
230791
j3231
230791
j3232
230791
j3232
230791
j3233
230791
j3233
230791
j3234
230791
j3234
230791
j3235
230791
j3235
230791
j3236
230791
j3236
230791
j3237
230791
j3237
230791
j3238
230791
j3238
230791
j3239
230791
j3239
230791
j3240
230791
j3240
230791
j3241
230791
j3241
230791
j3242
230791
j3242
230791
j3243
230791
j3243
234034
j3244
234034
j3244
234034
j3245
234034
j3245
234034
j3246
234034
j3246
234034
j3247
234034
j3247
234034
j3248
234034
j3248
234034
j3249
234034
j3249
234034
j3250
234034
j3250
234034
j3251
234034
j3251
234034
j3252
234034
j3252
234034
j3253
234034
j3253
234034
j3254
234034
j3254
234034
j3255
234034
j3255
234034
j3256
234034
j3256
234034
j3257
234034
j3257
234034
j3258
234034
j3258
234034
j3259
234034
j3259
234034
j3260
234034
j3260
234034
j3261
234034
j3261
234034
j3262
234034
j3262
234034
j3263
234034
j3263
234034
j3264
234034
j3264
234034
j3265
234034
j3265
234034
j3266
234034
j3266
234034
j3267
234034
j3267
234034
j3268
237302
j3268
237302
j3269
237302
j3269
237302
j3270
237302
j3270
237302
j3271
237302
j3271
237302
j3272
237302
j3272
237302
j3273
237302
j3273
237302
j3274
237302
j3274
237302
j3275
237302
j3275
237302
j3276
237302
j3276
237302
j3277
237302
j3277
237302
j3278
237302
j3278
237302
j3279
237302
j3279
237302
j3280
237302
j3280
237302
j3281
237302
j3281
237302
j3282
237302
j3282
237302
j3283
237302
j3283
237302
j3284
237302
j3284
237302
j3285
237302
j3285
237302
j3286
237302
j3286
237302
j3287
237302
j3287
237302
j3288
237302
j3288
237302
j3289
237302
j3289
237302
j3290
237302
j3290
240592
j3291
240592
j3291
240592
j3292
240592
j3292
240592
j3293
240592
j3293
240592
j3294
240592
j3294
240592
j3295
240592
j3295
240592
j3296
240592
j3296
240592
j3297
240592
j3297
240592
j3298
240592
j3298
240592
j3299
240592
j3299
240592
j3300
240592
j3300
240592
j3301
240592
j3301
240592
j3302
240592
j3302
240592
j3303
240592
j3303
240592
j3304
240592
j3304
240592
j3305
240592
j3305
240592
j3306
240592
j3306
240592
j3307
240592
j3307
240592
j3308
240592
j3308
240592
j3309
240592
j3309
240592
j3310
240592
j3310
240592
j3311
243903
j3311
243903
j3312
243903
j3312
243903
j3313
243903
j3313
243903
j3314
243903
j3314
243903
j3315
243903
j3315
243903
j3316
243903
j3316
243903
j3317
243903
j3317
243903
j3318
243903
j3318
243903
j3319
243903
j3319
243903
j3320
243903
j3320
243903
j3321
243903
j3321
243903
j3322
243903
j3322
243903
j3323
243903
j3323
243903
j3324
243903
j3324
243903
j3325
243903
j3325
243903
j3326
243903
j3326
243903
j3327
243903
j3327
243903
j3328
243903
j3328
243903
j3329
243903
j3329
243903
j3330
243903
j3330
243903
j3331
243903
j3331
243903
j3332
243903
j3332
243903
j3333
243903
j3333
243903
j3334
243903
j3334
[...]
j9659
36960521
j9659
36960521
j9659
36960521
j9660
36970181
j9661
36970181
j9661
36970181
j9661
36970181
j9661
36970181
j9661
36970181
j9662
36979843
j9662
36979843
j9662
36979843
j9662
36979843
j9662
36979843
j9663
36979843
j9663
36989506
j9663
36989506
j9663
36989506
j9663
36989506
j9664
36999170
j9664
36999170
j9664
36999170
j9664
36999170
j9664
36999170
j9665
36999170
j9665
36999170
j9665
37008835
j9665
37008835
j9665
37008835
j9666
37018501
j9667
37018501
j9667
37018501
j9667
37018501
j9667
37028168
j9667
37028168
j9668
37037836
j9668
37037836
j9668
37037836
j9668
37037836
j9668
37037836
j9669
37037836
j9669
37047505
j9669
37047505
j9669
37047505
j9670
37057175
j9670
37057175
j9671
37057175
j9671
37057175
j9671
37057175
j9671
37057175
j9671
37057175
j9672
37066847
j9673
37066847
j9673
37066847
j9673
37066847
j9673
37066847
j9673
37066847
j9674
37076521
j9674
37076521
j9674
37076521
j9675
37076521
j9675
37086196
j9676
37095872
j9676
37095872
j9676
37095872
j9676
37095872
j9676
37095872
j9677
37095872
j9677
37095872
j9677
37095872
j9677
37095872
j9677
37095872
j9678
37105550
j9679
37105550
j9679
37105550
j9679
37105550
j9679
37105550
j9679
37105550
j9680
37115230
j9680
37115230
j9681
37115230
j9681
37124911
j9681
37124911
j9682
37134593
j9682
37134593
j9682
37134593
j9682
37134593
j9682
37134593
j9683
37134593
j9683
37134593
j9683
37134593
j9683
37134593
j9683
37134593
j9684
37144277
j9685
37144277
j9685
37144277
j9685
37153962
j9685
37153962
j9685
37153962
j9686
37163648
j9686
37163648
j9686
37163648
j9686
37163648
j9686
37163648
j9687
37163648
j9687
37173335
j9687
37173335
j9687
37173335
j9687
37173335
j9688
37183023
j9688
37183023
j9688
37183023
j9689
37183023
j9689
37183023
j9689
37183023
j9689
37183023
j9689
37183023
j9690
37192713
j9691
37192713
j9691
37192713
j9691
37192713
j9691
37192713
j9691
37202404
j9692
37212096
j9692
37212096
j9692
37212096
j9692
37212096
j9692
37212096
j9693
37212096
j9693
37221789
j9693
37221789
j9693
37221789
j9693
37221789
j9694
37231483
j9694
37231483
j9694
37231483
j9694
37231483
j9694
37231483
j9695
37231483
j9695
37231483
j9695
37241178
j9696
37250874
j9697
37250874
j9697
37250874
j9697
37250874
j9697
37250874
j9697
37250874
j9698
37260572
j9698
37260572
j9698
37260572
j9698
37260572
j9698
37260572
j9699
37260572
j9699
37270271
j9699
37270271
j9699
37270271
j9699
37270271
j9700
37279971
j9700
37279971
j9701
37279971
j9701
37279971
j9701
37279971
j9701
37279971
j9701
37279971
j9702
37289673
j9703
37289673
j9703
37289673
j9703
37289673
j9703
37289673
j9703
37289673
j9704
37299377
j9704
37299377
j9704
37299377
j9704
37299377
j9704
37299377
j9705
37299377
j9705
37309082
j9706
37318788
j9706
37318788
j9706
37318788
j9706
37318788
j9706
37318788
j9707
37318788
j9707
37318788
j9707
37318788
j9707
37318788
j9707
37318788
j9708
37328496
j9709
37328496
j9709
37328496
j9709
37328496
j9709
37338205
j9709
37338205
j9710
37347915
j9710
37347915
j9711
37347915
j9711
37357626
j9711
37357626
j9711
37357626
j9711
37357626
j9712
37367338
j9712
37367338
j9712
37367338
j9712
37367338
j9712
37367338
j9713
37367338
j9713
37367338
j9713
37367338
j9713
37367338
j9713
37377051
j9714
37386765
j9715
37386765
j9715
37386765
j9715
37396480
j9715
37396480
j9715
37396480
j9716
37406196
j9716
37406196
j9716
37406196
j9717
37406196
j9717
37415913
j9717
37415913
j9717
37415913
j9717
37415913
j9718
37425631
j9718
37425631
j9718
37425631
j9718
37425631
j9718
37425631
j9719
37425631
j9719
37425631
j9719
37425631
j9719
37425631
j9719
37425631
j9720
37435351
j9721
37435351
j9721
37435351
j9721
37435351
j9721
37435351
j9721
37435351
j9722
37445073
j9722
37445073
j9722
37445073
j9722
37445073
j9722
37445073
j9723
37445073
j9723
37454796
j9723
37454796
j9724
37464520
j9724
37464520
j9724
37464520
j9724
37464520
j9725
37464520
j9725
37464520
j9725
37474245
j9725
37474245
j9725
37474245
j9726
37483971
j9727
37483971
j9727
37483971
j9727
37483971
j9727
37483971
j9727
37483971
j9728
37493699
j9728
37493699
j9728
37493699
j9728
37493699
j9728
37493699
j9729
37493699
j9729
37503428
j9729
37503428
j9729
37503428
j9729
37503428
j9730
37513158
j9730
37513158
j9731
37513158
j9731
37513158
j9731
37513158
j9731
37513158
j9731
37513158
j9732
37522890
j9733
37522890
j9733
37522890
j9733
37522890
j9733
37522890
j9733
37522890
j9734
37532624
j9734
37532624
j9734
37532624
j9734
37532624
j9734
37532624
j9735
37532624
j9735
37542359
j9736
37552095
j9736
37552095
j9736
37552095
j9736
37552095
j9736
37552095
j9737
37552095
j9737
37552095
j9737
37552095
j9737
37561832
j9737
37561832
j9738
37571570
j9739
37571570
j9739
37571570
j9739
37571570
j9739
37571570
j9739
37571570
j9740
37581310
j9740
37581310
j9741
37581310
j9741
37591051
j9741
37591051
j9741
37591051
j9741
37591051
j9742
37600793
j9742
37600793
j9742
37600793
j9742
37600793
j9742
37600793
j9743
37600793
j9743
37600793
j9743
37600793
j9743
37600793
j9743
37600793
j9744
37610537
j9745
37610537
j9745
37610537
j9745
37620282
j9745
37620282
j9745
37620282
j9746
37630028
j9746
37630028
j9746
37630028
j9746
37630028
j9747
37630028
j9747
37639775
j9747
37639775
j9747
37639775
j9747
37639775
j9748
37649523
j9748
37649523
j9748
37649523
j9748
37649523
j9748
37649523
j9749
37649523
j9749
37649523
j9749
37649523
j9749
37649523
j9749
37649523
j9750
37659273
j9751
37659273
j9751
37659273
j9751
37659273
j9751
37669024
j9751
37669024
j9752
37678776
j9752
37678776
j9752
37678776
j9752
37678776
j9752
37678776
j9753
37678776
j9753
37688529
j9753
37688529
j9753
37688529
j9753
37688529
j9754
37698283
j9754
37698283
j9754
37698283
j9754
37698283
j9754
37698283
j9755
37698283
j9755
37698283
j9755
37708038
j9755
37708038
j9755
37708038
j9756
37717794
j9757
37717794
j9757
37717794
j9757
37717794
j9757
37717794
j9757
37727551
j9758
37737309
j9758
37737309
j9758
37737309
j9759
37737309
j9759
37747068
j9759
37747068
j9759
37747068
j9759
37747068
j9760
37756828
j9760
37756828
j9761
37756828
j9761
37756828
j9761
37756828
j9761
37756828
j9761
37756828
j9762
37766590
j9763
37766590
j9763
37766590
j9763
37766590
j9763
37766590
j9763
37766590
j9764
37776354
j9764
37776354
j9764
37776354
j9764
37776354
j9764
37776354
j9765
37776354
j9765
37786119
j9766
37795885
j9766
37795885
j9766
37795885
j9766
37795885
j9766
37795885
j9767
37795885
j9767
37795885
j9767
37795885
j9767
37795885
j9767
37795885
j9768
37805653
j9769
37805653
j9769
37805653
j9769
37805653
j9769
37805653
j9769
37805653
j9770
37815423
j9770
37815423
j9771
37815423
j9771
37825194
j9771
37825194
j9771
37825194
j9771
37825194
j9772
37834966
j9772
37834966
j9772
37834966
j9773
37834966
j9773
37834966
j9773
37834966
j9773
37834966
j9773
37834966
j9774
37844740
j9775
37844740
j9775
37844740
j9775
37854515
j9775
37854515
j9775
37854515
j9776
37864291
j9776
37864291
j9776
37864291
j9776
37864291
j9776
37864291
j9777
37864291
j9777
37874068
j9777
37874068
j9777
37874068
j9777
37874068
j9778
37883846
j9778
37883846
j9778
37883846
j9778
37883846
j9778
37883846
j9779
37883846
j9779
37883846
j9779
37883846
j9779
37893625
j9780
37903405
j9781
37903405
j9781
37903405
j9781
37903405
j9781
37903405
j9781
37903405
j9782
37913187
j9782
37913187
j9782
37913187
j9782
37913187
j9782
37913187
j9783
37913187
j9783
37922970
j9783
37922970
j9783
37922970
j9783
37922970
j9784
37932754
j9784
37932754
j9784
37932754
j9784
37932754
j9784
37932754
j9785
37932754
j9785
37932754
j9785
37942539
j9785
37942539
j9785
37942539
j9786
37952325
j9787
37952325
j9787
37952325
j9787
37952325
j9787
37952325
j9787
37952325
j9788
37962113
j9788
37962113
j9788
37962113
j9788
37962113
j9788
37962113
j9789
37962113
j9789
37971902
j9789
37971902
j9789
37971902
j9789
37971902
j9790
37981692
j9790
37981692
j9791
37981692
j9791
37981692
j9791
37981692
j9791
37981692
j9791
37981692
j9792
37991484
j9793
37991484
j9793
37991484
j9793
37991484
j9793
38001277
j9793
38001277
j9794
38011071
j9794
38011071
j9794
38011071
j9794
38011071
j9794
38011071
j9795
38011071
j9795
38020866
j9796
38030662
j9796
38030662
j9796
38030662
j9796
38030662
j9796
38030662
j9797
38030662
j9797
38030662
j9797
38030662
j9797
38030662
j9797
38030662
j9798
38040460
j9799
38040460
j9799
38040460
j9799
38040460
j9799
38040460
j9799
38040460
j9800
38050260
j9800
38050260
j9801
38050260
j9801
38060061
j9801
38060061
j9801
38060061
j9802
38069863
j9802
38069863
j9802
38069863
j9802
38069863
j9802
38069863
j9803
38069863
j9803
38069863
j9803
38069863
j9803
38069863
j9803
38069863
j9804
38079667
j9805
38079667
j9805
38079667
j9805
38089472
j9805
38089472
j9805
38089472
j9806
38099278
j9806
38099278
j9806
38099278
j9806
38099278
j9806
38099278
j9807
38099278
j9807
38109085
j9807
38109085
j9808
38118893
j9808
38118893
j9808
38118893
j9808
38118893
j9808
38118893
j9809
38118893
j9809
38118893
j9809
38118893
j9809
38118893
j9809
38118893
j9810
38128703
j9811
38128703
j9811
38128703
j9811
38128703
j9811
38128703
j9811
38128703
j9812
38138515
j9812
38138515
j9812
38138515
j9812
38138515
j9813
38138515
j9813
38148328
j9813
38148328
j9813
38148328
j9813
38148328
j9814
38158142
j9814
38158142
j9814
38158142
j9815
38158142
j9815
38158142
j9815
38167957
j9815
38167957
j9815
38167957
j9816
38177773
j9817
38177773
j9817
38177773
j9817
38177773
j9817
38177773
j9817
38177773
j9818
38187591
j9818
38187591
j9818
38187591
j9818
38187591
j9818
38187591
j9819
38187591
j9819
38197410
j9819
38197410
j9819
38197410
j9819
38197410
j9820
38207230
j9820
38207230
j9821
38207230
j9821
38207230
j9821
38207230
j9821
38217051
j9821
38217051
j9822
38226873
j9823
38226873
j9823
38226873
j9823
38226873
j9823
38226873
j9823
38236696
j9824
38246520
j9824
38246520
j9824
38246520
j9824
38246520
j9824
38246520
j9825
38246520
j9825
38256345
j9826
38266171
j9826
38266171
j9826
38266171
j9826
38266171
j9826
38266171
j9827
38266171
j9827
38266171
j9827
38266171
j9827
38266171
j9827
38266171
j9828
38275999
j9829
38275999
j9829
38275999
j9829
38275999
j9829
38275999
j9829
38275999
j9830
38285829
j9830
38285829
j9831
38285829
j9831
38295660
j9831
38295660
j9831
38295660
j9831
38295660
j9832
38305492
j9832
38305492
j9832
38305492
j9832
38305492
j9832
38305492
j9833
38305492
j9833
38305492
j9833
38305492
j9833
38305492
j9833
38305492
j9834
38315326
j9835
38315326
j9835
38315326
j9835
38325161
j9836
38334997
j9836
38334997
j9836
38334997
j9836
38334997
j9836
38334997
j9837
38334997
j9837
38344834
j9837
38344834
j9837
38344834
j9837
38344834
j9838
38354672
j9838
38354672
j9838
38354672
j9838
38354672
j9838
38354672
j9839
38354672
j9839
38354672
j9839
38354672
j9839
38354672
j9839
38354672
j9840
38364512
j9841
38364512
j9841
38364512
j9841
38364512
j9841
38364512
j9841
38364512
j9842
38374354
j9842
38374354
j9842
38374354
j9843
38374354
j9843
38384197
j9843
38384197
j9843
38384197
j9843
38384197
j9844
38394041
j9844
38394041
j9844
38394041
j9844
38394041
j9844
38394041
j9845
38394041
j9845
38394041
j9845
38403886
j9845
38403886
j9846
38413732
j9847
38413732
j9847
38413732
j9847
38413732
j9847
38413732
j9847
38413732
j9848
38423580
j9848
38423580
j9848
38423580
j9848
38423580
j9848
38423580
j9849
38423580
j9849
38433429
j9849
38433429
j9850
38443279
j9850
38443279
j9851
38443279
j9851
38443279
j9851
38443279
j9851
38443279
j9851
38443279
j9852
38453131
j9853
38453131
j9853
38453131
j9853
38453131
j9853
38453131
j9853
38453131
j9854
38462985
j9854
38462985
j9854
38462985
j9854
38462985
j9854
38462985
j9855
38462985
j9855
38472840
j9856
38482696
j9856
38482696
j9856
38482696
j9857
38482696
j9857
38482696
j9857
38482696
j9857
38482696
j9857
38482696
j9858
38492554
j9859
38492554
j9859
38492554
j9859
38492554
j9859
38492554
j9859
38492554
j9860
38502414
j9860
38502414
j9861
38502414
j9861
38512275
j9861
38512275
j9861
38512275
j9861
38512275
j9862
38522137
j9862
38522137
j9862
38522137
j9862
38522137
j9862
38522137
j9863
38522137
j9863
38522137
j9863
38522137
j9863
38532000
j9863
38532000
j9864
38541864
j9865
38541864
j9865
38541864
j9865
38551729
j9865
38551729
j9865
38551729
j9866
38561595
j9866
38561595
j9866
38561595
j9866
38561595
j9866
38561595
j9867
38561595
j9867
38571462
j9867
38571462
j9867
38571462
j9868
38581330
j9868
38581330
j9868
38581330
j9868
38581330
j9868
38581330
j9869
38581330
j9869
38581330
j9869
38581330
j9869
38581330
j9869
38581330
j9870
38591200
j9871
38591200
j9871
38591200
j9871
38591200
j9871
38591200
j9871
38591200
j9872
38601072
j9872
38601072
j9872
38601072
j9872
38601072
j9872
38601072
j9873
38601072
j9873
38610945
j9873
38610945
j9873
38610945
j9873
38610945
j9874
38620819
j9874
38620819
j9874
38620819
j9874
38620819
j9874
38620819
j9875
38620819
j9875
38620819
j9875
38630694
j9875
38630694
j9875
38630694
j9876
38640570
j9877
38640570
j9877
38640570
j9877
38640570
j9877
38650447
j9877
38650447
j9878
38660325
j9878
38660325
j9878
38660325
j9878
38660325
j9879
38660325
j9879
38670204
j9879
38670204
j9879
38670204
j9879
38670204
j9880
38680084
j9880
38680084
j9881
38680084
j9881
38680084
j9881
38680084
j9881
38680084
j9881
38680084
j9882
38689966
j9883
38689966
j9883
38689966
j9883
38689966
j9883
38689966
j9883
38689966
j9884
38699850
j9884
38699850
j9884
38699850
j9885
38699850
j9885
38709735
j9886
38719621
j9886
38719621
j9886
38719621
j9886
38719621
j9886
38719621
j9887
38719621
j9887
38719621
j9887
38719621
j9887
38719621
j9887
38719621
j9888
38729509
j9889
38729509
j9889
38729509
j9889
38729509
j9889
38729509
j9889
38739398
j9890
38749288
j9890
38749288
j9891
38749288
j9891
38759179
j9891
38759179
j9892
38769071
j9892
38769071
j9892
38769071
j9892
38769071
j9892
38769071
j9893
38769071
j9893
38769071
j9893
38769071
j9893
38769071
j9893
38769071
j9894
38778965
j9895
38778965
j9895
38778965
j9895
38788860
j9895
38788860
j9895
38788860
j9896
38798756
j9896
38798756
j9896
38798756
j9896
38798756
j9896
38798756
j9897
38798756
j9897
38808653
j9897
38808653
j9897
38808653
j9897
38808653
j9898
38818551
j9898
38818551
j9898
38818551
j9899
38818551
j9899
38818551
j9899
38818551
j9899
38818551
j9899
38818551
j9900
38828451
j9901
38828451
j9901
38828451
j9901
38828451
j9901
38828451
j9901
38828451
j9902
38838353
j9902
38838353
j9902
38838353
j9902
38838353
j9902
38838353
j9903
38838353
j9903
38848256
j9903
38848256
j9903
38848256
j9903
38848256
j9904
38858160
j9904
38858160
j9904
38858160
j9904
38858160
j9904
38858160
j9905
38858160
j9905
38858160
j9905
38868065
j9906
38877971
j9907
38877971
j9907
38877971
j9907
38877971
j9907
38877971
j9907
38877971
j9908
38887879
j9908
38887879
j9908
38887879
j9908
38887879
j9908
38887879
j9909
38887879
j9909
38897788
j9909
38897788
j9909
38897788
j9909
38897788
j9910
38907698
j9910
38907698
j9911
38907698
j9911
38907698
j9911
38907698
j9911
38907698
j9911
38917609
j9912
38927521
j9913
38927521
j9913
38927521
j9913
38927521
j9913
38927521
j9913
38927521
j9914
38937435
j9914
38937435
j9914
38937435
j9914
38937435
j9914
38937435
j9915
38937435
j9915
38947350
j9916
38957266
j9916
38957266
j9916
38957266
j9916
38957266
j9916
38957266
j9917
38957266
j9917
38957266
j9917
38957266
j9917
38957266
j9917
38957266
j9918
38967184
j9919
38967184
j9919
38967184
j9919
38967184
j9919
38977103
j9919
38977103
j9920
38987023
j9920
38987023
j9921
38987023
j9921
38996944
j9921
38996944
j9921
38996944
j9921
38996944
j9922
39006866
j9922
39006866
j9922
39006866
j9922
39006866
j9923
39006866
j9923
39006866
j9923
39006866
j9923
39006866
j9923
39006866
j9924
39016790
j9925
39016790
j9925
39016790
j9925
39026715
j9925
39026715
j9925
39026715
j9926
39036641
j9926
39036641
j9926
39036641
j9927
39036641
j9927
39046568
j9927
39046568
j9927
39046568
j9927
39046568
j9928
39056496
j9928
39056496
j9928
39056496
j9928
39056496
j9928
39056496
j9929
39056496
j9929
39056496
j9929
39056496
j9929
39056496
j9929
39056496
j9930
39066426
j9931
39066426
j9931
39066426
j9931
39066426
j9931
39066426
j9931
39066426
j9932
39076358
j9932
39076358
j9932
39076358
j9932
39076358
j9932
39076358
j9933
39076358
j9933
39086291
j9933
39086291
j9934
39096225
j9934
39096225
j9934
39096225
j9934
39096225
j9934
39096225
j9935
39096225
j9935
39096225
j9935
39106160
j9935
39106160
j9935
39106160
j9936
39116096
j9937
39116096
j9937
39116096
j9937
39116096
j9937
39116096
j9937
39116096
j9938
39126034
j9938
39126034
j9938
39126034
j9938
39126034
j9938
39126034
j9939
39126034
j9939
39135973
j9939
39135973
j9939
39135973
j9939
39135973
j9940
39145913
j9940
39145913
j9941
39145913
j9941
39145913
j9941
39145913
j9941
39145913
j9941
39145913
j9942
39155855
j9943
39155855
j9943
39155855
j9943
39155855
j9943
39155855
j9943
39155855
j9944
39165799
j9944
39165799
j9944
39165799
j9944
39165799
j9945
39165799
j9945
39175744
j9946
39185690
j9946
39185690
j9946
39185690
j9946
39185690
j9946
39185690
j9947
39185690
j9947
39185690
j9947
39185690
j9947
39195637
j9947
39195637
j9948
39205585
j9949
39205585
j9949
39205585
j9949
39205585
j9949
39205585
j9949
39205585
j9950
39215535
j9950
39215535
j9951
39215535
j9951
39225486
j9951
39225486
j9951
39225486
j9951
39225486
j9952
39235438
j9952
39235438
j9952
39235438
j9952
39235438
j9952
39235438
j9953
39235438
j9953
39235438
j9953
39235438
j9953
39235438
j9953
39235438
j9954
39245392
j9955
39245392
j9955
39245392
j9955
39255347
j9955
39255347
j9956
39265303
j9956
39265303
j9956
39265303
j9956
39265303
j9956
39265303
j9957
39265303
j9957
39275260
j9957
39275260
j9957
39275260
j9957
39275260
j9958
39285218
j9958
39285218
j9958
39285218
j9958
39285218
j9958
39285218
j9959
39285218
j9959
39285218
j9959
39285218
j9959
39285218
j9959
39285218
j9960
39295178
j9961
39295178
j9961
39295178
j9961
39295178
j9961
39305139
j9961
39305139
j9962
39315101
j9962
39315101
j9962
39315101
j9962
39315101
j9962
39315101
j9963
39315101
j9963
39325064
j9963
39325064
j9963
39325064
j9963
39325064
j9964
39335028
j9964
39335028
j9964
39335028
j9964
39335028
j9964
39335028
j9965
39335028
j9965
39335028
j9965
39344993
j9965
39344993
j9965
39344993
j9966
39354959
j9967
39354959
j9967
39354959
j9967
39354959
j9967
39354959
j9967
39354959
j9968
39364927
j9968
39364927
j9968
39364927
j9969
39364927
j9969
39374896
j9969
39374896
j9969
39374896
j9969
39374896
j9970
39384866
j9970
39384866
j9971
39384866
j9971
39384866
j9971
39384866
j9971
39384866
j9971
39384866
j9972
39394838
j9973
39394838
j9973
39394838
j9973
39394838
j9973
39394838
j9973
39394838
j9974
39404812
j9974
39404812
j9974
39404812
j9974
39404812
j9974
39404812
j9975
39404812
j9975
39414787
j9976
39424763
j9976
39424763
j9976
39424763
j9976
39424763
j9976
39424763
j9977
39424763
j9977
39424763
j9977
39424763
j9977
39424763
j9977
39434740
j9978
39444718
j9979
39444718
j9979
39444718
j9979
39444718
j9979
39444718
j9979
39444718
j9980
39454698
j9980
39454698
j9981
39454698
j9981
39464679
j9981
39464679
j9981
39464679
j9981
39464679
j9982
39474661
j9982
39474661
j9982
39474661
j9983
39474661
j9983
39474661
j9983
39474661
j9983
39474661
j9983
39474661
j9984
39484645
j9985
39484645
j9985
39484645
j9985
39494630
j9985
39494630
j9985
39494630
j9986
39504616
j9986
39504616
j9986
39504616
j9986
39504616
j9986
39504616
j9987
39504616
j9987
39514603
j9987
39514603
j9987
39514603
j9987
39514603
j9988
39524591
j9988
39524591
j9988
39524591
j9988
39524591
j9989
39524591
j9989
39524591
j9989
39524591
j9989
39534580
j9989
39534580
j9990
39544570
j9991
39544570
j9991
39544570
j9991
39544570
j9991
39544570
j9991
39544570
j9992
39554562
j9992
39554562
j9992
39554562
j9992
39554562
j9992
39554562
j9993
39554562
j9993
39564555
j9993
39564555
j9993
39564555
j9993
39564555
j9994
39574549
j9994
39574549
j9994
39574549
j9994
39574549
j9994
39574549
j9995
39574549
j9995
39574549
j9995
39584544
j9995
39584544
j9995
39584544
j9996
39594540
j9997
39594540
j9997
39594540
j9997
39594540
j9997
39594540
j9997
39594540
j9998
39604538
j9998
39604538
j9998
39604538
j9998
39604538
j9998
39604538
j9999
39604538
j9999
39614537
j9999
39614537
j9999
39614537
j1
0
j1
0
j2
0
j2
0
j3
3
j3
3
j1
0
j2
0
j3
3
j4
3
j5
3
j6
9
j1
0
j1
0
j2
0
j2
0
j3
3
j3
3
j4
3
j4
3
j5
3
j5
8
j6
14
j6
14
j7
14
j7
14
j8
14
j8
14
j9
23
j9
23
]]></system-out>
  <system-err><![CDATA[]]></system-err>
</testsuite>
